\BOOKMARK [0][-]{chapter*.3}{\376\377\000L\000I\000S\000T\000E\000\040\000D\000E\000S\000\040\000F\000I\000G\000U\000R\000E\000S}{}% 1
\BOOKMARK [0][-]{chapter*.4}{\376\377\000L\000I\000S\000T\000E\000\040\000D\000E\000S\000\040\000A\000B\000R\000\311\000V\000I\000A\000T\000I\000O\000N\000S}{}% 2
\BOOKMARK [0][-]{chapter*.5}{\376\377\000I\000N\000T\000R\000O\000D\000U\000C\000T\000I\000O\000N\000\040\000G\000\311\000N\000\311\000R\000A\000L\000E}{}% 3
\BOOKMARK [0][-]{chapter.1}{\376\377\000A\000n\000a\000l\000y\000s\000e\000\040\000d\000e\000\040\000b\000e\000s\000o\000i\000n\000\040\000e\000t\000\040\000\351\000t\000u\000d\000e\000\040\000p\000r\000\351\000a\000l\000a\000b\000l\000e}{}% 4
\BOOKMARK [1][-]{section.1.1}{\376\377\000I\000N\000T\000R\000O\000D\000U\000C\000T\000I\000O\000N}{chapter.1}% 5
\BOOKMARK [1][-]{section.1.2}{\376\377\000P\000r\000\351\000s\000e\000n\000t\000a\000t\000i\000o\000n\000\040\000d\000e\000\040\000l\000'\000o\000r\000g\000a\000n\000i\000s\000m\000e\000\040\000d\000'\000a\000c\000c\000u\000e\000i\000l}{chapter.1}% 6
\BOOKMARK [2][-]{subsection.1.2.1}{\376\377\000O\000r\000g\000a\000n\000i\000s\000m\000e\000\040\000d\000'\000a\000c\000c\000e\000u\000i\000l\000\040}{section.1.2}% 7
\BOOKMARK [1][-]{section.1.3}{\376\377\000P\000r\000\351\000s\000e\000n\000t\000a\000t\000i\000o\000n\000\040\000d\000u\000\040\000p\000r\000o\000j\000e\000t}{chapter.1}% 8
\BOOKMARK [2][-]{subsection.1.3.1}{\376\377\000\040\000C\000a\000d\000r\000e\000\040\000d\000u\000\040\000p\000r\000o\000j\000e\000t}{section.1.3}% 9
\BOOKMARK [2][-]{subsection.1.3.2}{\376\377\000P\000r\000o\000b\000l\000\351\000m\000a\000t\000i\000q\000u\000e}{section.1.3}% 10
\BOOKMARK [2][-]{subsection.1.3.3}{\376\377\000O\000b\000j\000e\000c\000t\000i\000f\000\040\000d\000u\000\040\000p\000r\000o\000j\000e\000t}{section.1.3}% 11
\BOOKMARK [2][-]{subsection.1.3.4}{\376\377\000\311\000t\000u\000d\000e\000\040\000d\000e\000\040\000l\000'\000e\000x\000i\000s\000t\000a\000n\000t}{section.1.3}% 12
\BOOKMARK [2][-]{subsection.1.3.5}{\376\377\000A\000v\000a\000n\000t\000a\000g\000e\000s\000\040\000d\000e\000\040\000l\000'\000e\000x\000i\000s\000t\000a\000n\000t}{section.1.3}% 13
\BOOKMARK [2][-]{subsection.1.3.6}{\376\377\000C\000r\000i\000t\000i\000q\000u\000e\000\040\000d\000e\000\040\000l\000'\000e\000x\000i\000s\000t\000a\000n\000t}{section.1.3}% 14
\BOOKMARK [2][-]{subsection.1.3.7}{\376\377\000S\000o\000l\000u\000t\000i\000o\000n\000\040\000p\000r\000o\000p\000o\000s\000\351\000e}{section.1.3}% 15
\BOOKMARK [1][-]{section.1.4}{\376\377\000M\000\351\000t\000h\000o\000d\000o\000l\000o\000g\000i\000e\000\040\000d\000e\000\040\000t\000r\000a\000v\000a\000i\000l\000\040\000e\000t\000\040\000p\000l\000a\000n\000i\000f\000i\000c\000a\000t\000i\000o\000n}{chapter.1}% 16
\BOOKMARK [2][-]{subsection.1.4.1}{\376\377\000M\000\351\000t\000h\000o\000d\000e\000\040\000S\000c\000r\000u\000m}{section.1.4}% 17
\BOOKMARK [3][-]{subsubsection.1.4.1.1}{\376\377\000A\000c\000t\000e\000u\000r\000s\000\040\000c\000l\000\351\000s\000\040\000e\000t\000\040\000\351\000l\000\351\000m\000e\000n\000t\000s\000\040\000d\000e\000\040\000l\000a\000\040\000m\000\351\000t\000h\000o\000d\000e\000\040\000S\000c\000r\000u\000m\000\040}{subsection.1.4.1}% 18
\BOOKMARK [1][-]{section.1.5}{\376\377\000C\000O\000N\000C\000L\000U\000S\000I\000O\000N}{chapter.1}% 19
\BOOKMARK [0][-]{chapter.2}{\376\377\000I\000m\000p\000l\000\351\000m\000e\000n\000t\000a\000t\000i\000o\000n\000\040\000e\000t\000\040\000R\000\351\000a\000l\000i\000s\000a\000t\000i\000o\000n}{}% 20
\BOOKMARK [1][-]{section.2.1}{\376\377\000I\000N\000T\000R\000O\000D\000U\000C\000T\000I\000O\000N}{chapter.2}% 21
\BOOKMARK [1][-]{section.2.2}{\376\377\000E\000n\000v\000i\000r\000o\000n\000n\000e\000m\000e\000n\000t\000\040\000d\000e\000\040\000D\000\351\000v\000e\000l\000o\000p\000p\000e\000m\000e\000n\000t}{chapter.2}% 22
\BOOKMARK [2][-]{subsection.2.2.1}{\376\377\000E\000n\000v\000i\000r\000o\000n\000n\000e\000m\000e\000n\000t\000\040\000m\000a\000t\000\351\000r\000i\000e\000l}{section.2.2}% 23
\BOOKMARK [3][-]{subsubsection.2.2.1.1}{\376\377\000E\000n\000v\000i\000r\000o\000n\000n\000e\000m\000e\000n\000t\000\040\000l\000o\000g\000i\000c\000i\000e\000l}{subsection.2.2.1}% 24
\BOOKMARK [2][-]{subsection.2.2.2}{\376\377\000L\000a\000n\000g\000a\000g\000e\000s\000\040\000d\000e\000\040\000p\000r\000o\000g\000r\000a\000m\000m\000a\000t\000i\000o\000n\000,\000\040\000F\000r\000a\000m\000e\000w\000o\000r\000k\000s\000\040\000e\000t\000\040\000t\000e\000c\000h\000n\000o\000l\000o\000g\000i\000e\000s\000\040\000u\000t\000i\000l\000i\000s\000\351\000e\000s}{section.2.2}% 25
\BOOKMARK [3][-]{subsubsection.2.2.2.1}{\376\377\000P\000y\000t\000h\000o\000n}{subsection.2.2.2}% 26
\BOOKMARK [3][-]{subsubsection.2.2.2.2}{\376\377\000K\000e\000r\000a\000s}{subsection.2.2.2}% 27
\BOOKMARK [1][-]{section.2.3}{\376\377\000I\000m\000p\000l\000\351\000m\000e\000n\000t\000a\000t\000i\000o\000n\000\040\000d\000u\000\040\000M\000o\000d\000\350\000l\000e\000\040\000d\000e\000\040\000R\000e\000c\000o\000n\000n\000a\000i\000s\000s\000a\000n\000c\000e\000\040\000d\000e\000\040\000B\000r\000a\000i\000l\000l\000e}{chapter.2}% 28
\BOOKMARK [2][-]{subsection.2.3.1}{\376\377\000P\000r\000\351\000t\000r\000a\000i\000t\000e\000m\000e\000n\000t\000\040\000d\000e\000s\000\040\000D\000o\000n\000n\000\351\000e\000s}{section.2.3}% 29
\BOOKMARK [2][-]{subsection.2.3.2}{\376\377\000C\000r\000\351\000a\000t\000i\000o\000n\000\040\000d\000u\000\040\000M\000o\000d\000\350\000l\000e}{section.2.3}% 30
\BOOKMARK [2][-]{subsection.2.3.3}{\376\377\000E\000n\000t\000r\000a\000\356\000n\000e\000m\000e\000n\000t\000\040\000d\000u\000\040\000M\000o\000d\000\350\000l\000e}{section.2.3}% 31
\BOOKMARK [2][-]{subsection.2.3.4}{\376\377\000\311\000v\000a\000l\000u\000a\000t\000i\000o\000n\000\040\000e\000t\000\040\000V\000a\000l\000i\000d\000a\000t\000i\000o\000n}{section.2.3}% 32
\BOOKMARK [2][-]{subsection.2.3.5}{\376\377\000I\000n\000t\000\351\000g\000r\000a\000t\000i\000o\000n\000\040\000a\000v\000e\000c\000\040\000l\000'\000A\000p\000p\000l\000i\000c\000a\000t\000i\000o\000n\000\040\000M\000o\000b\000i\000l\000e}{section.2.3}% 33
\BOOKMARK [1][-]{section.2.4}{\376\377\000C\000o\000n\000c\000l\000u\000s\000i\000o\000n}{chapter.2}% 34
\BOOKMARK [0][-]{chapter.3}{\376\377\000R\000\351\000s\000u\000l\000t\000a\000t}{}% 35
\BOOKMARK [1][-]{section.3.1}{\376\377\000I\000N\000T\000R\000O\000D\000U\000C\000T\000I\000O\000N}{chapter.3}% 36
\BOOKMARK [1][-]{section.3.2}{\376\377\000S\000p\000r\000i\000n\000t\000\040\0001\000:\000\040\000S\000'\000i\000n\000s\000c\000r\000i\000r\000e\000,\000\040\000s\000'\000a\000u\000t\000h\000e\000n\000t\000i\000f\000i\000e\000r\000\040\000e\000t\000\040\000c\000r\000\351\000e\000r\000\040\000d\000e\000s\000\040\000f\000o\000r\000m\000u\000l\000a\000i\000r\000e\000s}{chapter.3}% 37
\BOOKMARK [2][-]{subsection.3.2.1}{\376\377\000\040\000A\000n\000a\000l\000y\000s\000e\000\040\000d\000e\000s\000\040\000b\000e\000s\000o\000i\000n\000s}{section.3.2}% 38
\BOOKMARK [3][-]{subsubsection.3.2.1.1}{\376\377\000D\000i\000a\000g\000r\000a\000m\000m\000e\000\040\000d\000e\000\040\000c\000a\000s\000\040\000d\000'\000u\000t\000i\000l\000i\000s\000a\000t\000i\000o\000n\000\040\000d\000u\000\040\000S\000p\000r\000i\000n\000t\000\040\0001}{subsection.3.2.1}% 39
\BOOKMARK [3][-]{subsubsection.3.2.1.2}{\376\377\000D\000i\000a\000g\000r\000a\000m\000m\000e\000\040\000d\000e\000\040\000c\000l\000a\000s\000s\000e\000\040\000d\000u\000\040\000S\000p\000r\000i\000n\000t\000\040\0001}{subsection.3.2.1}% 40
\BOOKMARK [1][-]{section.3.3}{\376\377\000\040\000I\000n\000t\000e\000r\000f\000a\000c\000e\000s\000\040\000l\000i\000\351\000e\000s\000\040\000\340\000\040\000u\000n\000\040\000u\000t\000i\000l\000i\000s\000a\000t\000e\000u\000r}{chapter.3}% 41
\BOOKMARK [2][-]{subsection.3.3.1}{\376\377\000I\000n\000t\000e\000r\000f\000a\000c\000e\000\040\000:\000\040\000S\040\031\000i\000n\000s\000c\000r\000i\000r\000e}{section.3.3}% 42
\BOOKMARK [2][-]{subsection.3.3.2}{\376\377\000I\000n\000t\000e\000r\000f\000a\000c\000e\000\040\000:\000\040\000S\040\031\000A\000u\000t\000h\000e\000n\000t\000i\000f\000i\000e\000r}{section.3.3}% 43
\BOOKMARK [2][-]{subsection.3.3.3}{\376\377\000I\000n\000t\000e\000r\000f\000a\000c\000e\000\040\000:\000\040\000C\000r\000\351\000e\000r\000\040\000u\000n\000\040\000n\000o\000u\000v\000e\000a\000u\000\040\000f\000o\000r\000m\000u\000l\000a\000i\000r\000e}{section.3.3}% 44
\BOOKMARK [1][-]{section.3.4}{\376\377\000\040\000C\000o\000n\000c\000l\000u\000s\000i\000o\000n}{chapter.3}% 45
\BOOKMARK [0][-]{chapter.4}{\376\377\000R\000\351\000a\000l\000i\000s\000a\000t\000i\000o\000n\000\040\000d\000u\000\040\000R\000e\000l\000e\000a\000s\000e\000\040\0002\000\040}{}% 46
\BOOKMARK [1][-]{section.4.1}{\376\377\000I\000N\000T\000R\000O\000D\000U\000C\000T\000I\000O\000N}{chapter.4}% 47
\BOOKMARK [2][-]{subsection.4.1.1}{\376\377\000\040\000A\000n\000a\000l\000y\000s\000e\000\040\000d\000e\000s\000\040\000b\000e\000s\000o\000i\000n\000s}{section.4.1}% 48
\BOOKMARK [3][-]{subsubsection.4.1.1.1}{\376\377\000D\000i\000a\000g\000r\000a\000m\000m\000e\000\040\000d\000e\000\040\000c\000a\000s\000\040\000d\000'\000u\000t\000i\000l\000i\000s\000a\000t\000i\000o\000n\000\040\000d\000u\000\040\000S\000p\000r\000i\000n\000t\000\040\0002}{subsection.4.1.1}% 49
\BOOKMARK [0][-]{chapter*.17}{\376\377\000C\000O\000N\000C\000L\000U\000S\000I\000O\000N\000\040\000G\000\311\000N\000\311\000R\000A\000L\000E}{}% 50
