This is pdfTeX, Version 3.141592653-2.6-1.40.29 (MiKTeX 26.2) (preloaded format=pdflatex 2026.4.15)  15 APR 2026 13:41
entering extended mode
 restricted \write18 enabled.
 file:line:error style messages enabled.
 %&-line parsing enabled.
**c:/Users/User/Desktop/PFE/template/main.tex
(c:/Users/User/Desktop/PFE/template/main.tex
LaTeX2e <2025-11-01>
L3 programming layer <2026-03-20>
(enetcom-pfe-report.cls (C:\Users\User\AppData\Local\Programs\MiKTeX\tex/latex/silence\silence.sty
Package: silence 2012/07/02 v1.5b Selective filtering of warnings and error messages
\sl@Save=\count275
\sl@StateNumber=\count276
\sl@MessageCount=\count277
\sl@Casualties=\count278
\sl@Filter=\toks17
\sl@Message=\toks18
\sl@UnexpandedMessage=\toks19
\sl@Mess@ge=\toks20
\sl@WarningCount=\count279
\sl@WarningNumber=\count280
\sl@WarningCasualties=\count281
\sl@TempBOW=\toks21
\sl@BankOfWarnings=\toks22
LaTeX Info: Redefining \GenericWarning on input line 433.
\sl@ErrorCount=\count282
\sl@ErrorNumber=\count283
\sl@ErrorCasualties=\count284
\sl@TempBOE=\toks23
\sl@BankOfErrors=\toks24
LaTeX Info: Redefining \GenericError on input line 601.
) (C:\Users\User\AppData\Local\Programs\MiKTeX\tex/latex/base\report.cls
Document Class: report 2025/01/22 v1.4n Standard LaTeX document class
(C:\Users\User\AppData\Local\Programs\MiKTeX\tex/latex/base\size12.clo
File: size12.clo 2025/01/22 v1.4n Standard LaTeX file (size option)
)
\c@part=\count285
\c@chapter=\count286
\c@section=\count287
\c@subsection=\count288
\c@subsubsection=\count289
\c@paragraph=\count290
\c@subparagraph=\count291
\c@figure=\count292
\c@table=\count293
\abovecaptionskip=\skip49
\belowcaptionskip=\skip50
\bibindent=\dimen150
) (C:\Users\User\AppData\Local\Programs\MiKTeX\tex/latex/geometry\geometry.sty
Package: geometry 2026/03/07 v6.0 Page Geometry
 (C:\Users\User\AppData\Local\Programs\MiKTeX\tex/latex/graphics\keyval.sty
Package: keyval 2022/05/29 v1.15 key=value parser (DPC)
\KV@toks@=\toks25
) (C:\Users\User\AppData\Local\Programs\MiKTeX\tex/generic/iftex\ifvtex.sty
Package: ifvtex 2019/10/25 v1.7 ifvtex legacy package. Use iftex instead.
 (C:\Users\User\AppData\Local\Programs\MiKTeX\tex/generic/iftex\iftex.sty
Package: iftex 2024/12/12 v1.0g TeX engine tests
))
\Gm@cnth=\count294
\Gm@cntv=\count295
\c@Gm@tempcnt=\count296
\Gm@bindingoffset=\dimen151
\Gm@wd@mp=\dimen152
\Gm@odd@mp=\dimen153
\Gm@even@mp=\dimen154
\Gm@layoutwidth=\dimen155
\Gm@layoutheight=\dimen156
\Gm@layouthoffset=\dimen157
\Gm@layoutvoffset=\dimen158
\Gm@dimlist=\toks26
 (C:\Users\User\AppData\Local\Programs\MiKTeX\tex/latex/geometry\geometry.cfg)) (C:\Users\User\AppData\Local\Programs\MiKTeX\tex/latex/environ\environ.sty
Package: environ 2014/05/04 v0.3 A new way to define environments
 (C:\Users\User\AppData\Local\Programs\MiKTeX\tex/latex/trimspaces\trimspaces.sty
Package: trimspaces 2009/09/17 v1.1 Trim spaces around a token list
)
\@envbody=\toks27
) (C:\Users\User\AppData\Local\Programs\MiKTeX\tex/latex/verse\verse.sty
Package: verse 2014/05/10 v2.4b verse typesetting
\c@vslineno=\count297
\c@poemline=\count298
\c@fvsline=\count299
\c@modulo@vs=\count300
\c@verse@envctr=\count301
\versewidth=\skip51
\vgap=\skip52
\vindent=\skip53
\stanzaskip=\skip54
\vleftskip=\skip55
\vrightskip=\skip56
\c@chrsinstr=\count302
\beforepoemtitleskip=\skip57
\afterpoemtitleskip=\skip58
) (C:\Users\User\AppData\Local\Programs\MiKTeX\tex/latex/xcolor\xcolor.sty
Package: xcolor 2024/09/29 v3.02 LaTeX color extensions (UK)
 (C:\Users\User\AppData\Local\Programs\MiKTeX\tex/latex/graphics-cfg\color.cfg
File: color.cfg 2016/01/02 v1.6 sample color configuration
)
Package xcolor Info: Driver file: pdftex.def on input line 274.
 (C:\Users\User\AppData\Local\Programs\MiKTeX\tex/latex/graphics-def\pdftex.def
File: pdftex.def 2025/09/29 v1.2d Graphics/color driver for pdftex
) (C:\Users\User\AppData\Local\Programs\MiKTeX\tex/latex/graphics\mathcolor.ltx)
Package xcolor Info: Model `cmy' substituted by `cmy0' on input line 1349.
Package xcolor Info: Model `hsb' substituted by `rgb' on input line 1353.
Package xcolor Info: Model `RGB' extended on input line 1365.
Package xcolor Info: Model `HTML' substituted by `rgb' on input line 1367.
Package xcolor Info: Model `Hsb' substituted by `hsb' on input line 1368.
Package xcolor Info: Model `tHsb' substituted by `hsb' on input line 1369.
Package xcolor Info: Model `HSB' substituted by `hsb' on input line 1370.
Package xcolor Info: Model `Gray' substituted by `gray' on input line 1371.
Package xcolor Info: Model `wave' substituted by `hsb' on input line 1372.
) (C:\Users\User\AppData\Local\Programs\MiKTeX\tex/latex/colortbl\colortbl.sty
Package: colortbl 2024/10/29 v1.0k Color table columns (DPC)
 (C:\Users\User\AppData\Local\Programs\MiKTeX\tex/latex/tools\array.sty
Package: array 2025/09/25 v2.6n Tabular extension package (FMi)
\col@sep=\dimen159
\ar@mcellbox=\box53
\extrarowheight=\dimen160
\NC@list=\toks28
\extratabsurround=\skip59
\backup@length=\skip60
\ar@cellbox=\box54
)
\everycr=\toks29
\minrowclearance=\skip61
\rownum=\count303
) (C:\Users\User\AppData\Local\Programs\MiKTeX\tex/latex/titlesec\titlesec.sty
Package: titlesec 2025/01/04 v2.17 Sectioning titles
\ttl@box=\box55
\beforetitleunit=\skip62
\aftertitleunit=\skip63
\ttl@plus=\dimen161
\ttl@minus=\dimen162
\ttl@toksa=\toks30
\titlewidth=\dimen163
\titlewidthlast=\dimen164
\titlewidthfirst=\dimen165
) (C:\Users\User\AppData\Local\Programs\MiKTeX\tex/latex/chngcntr\chngcntr.sty
Package: chngcntr 2018/04/09 v1.1a change counter resetting
Package chngcntr Info: \counterwithout already defined.
(chngcntr)             Quitting chngcntr on input line 21.
) (C:\Users\User\AppData\Local\Programs\MiKTeX\tex/latex/fancyhdr\fancyhdr.sty
Package: fancyhdr 2025/02/07 v5.2 Extensive control of page headers and footers
\f@nch@headwidth=\skip64
\f@nch@offset@elh=\skip65
\f@nch@offset@erh=\skip66
\f@nch@offset@olh=\skip67
\f@nch@offset@orh=\skip68
\f@nch@offset@elf=\skip69
\f@nch@offset@erf=\skip70
\f@nch@offset@olf=\skip71
\f@nch@offset@orf=\skip72
\f@nch@height=\skip73
\f@nch@footalignment=\skip74
\f@nch@widthL=\skip75
\f@nch@widthC=\skip76
\f@nch@widthR=\skip77
\@temptokenb=\toks31
) (C:\Users\User\AppData\Local\Programs\MiKTeX\tex/latex/caption\caption.sty
Package: caption 2023/08/05 v3.6o Customizing captions (AR)
 (C:\Users\User\AppData\Local\Programs\MiKTeX\tex/latex/caption\caption3.sty
Package: caption3 2023/07/31 v2.4d caption3 kernel (AR)
\caption@tempdima=\dimen166
\captionmargin=\dimen167
\caption@leftmargin=\dimen168
\caption@rightmargin=\dimen169
\caption@width=\dimen170
\caption@indent=\dimen171
\caption@parindent=\dimen172
\caption@hangindent=\dimen173
Package caption Info: Standard document class detected.
)
\c@caption@flags=\count304
\c@continuedfloat=\count305
) (C:\Users\User\AppData\Local\Programs\MiKTeX\tex/latex/caption\subcaption.sty
Package: subcaption 2023/07/28 v1.6b Sub-captions (AR)
Package caption Info: New subtype `subfigure' on input line 238.
\c@subfigure=\count306
Package caption Info: New subtype `subtable' on input line 238.
\c@subtable=\count307
) (C:\Users\User\AppData\Local\Programs\MiKTeX\tex/latex/hyperref\hyperref.sty
Package: hyperref 2026-01-29 v7.01p Hypertext links for LaTeX
 (C:\Users\User\AppData\Local\Programs\MiKTeX\tex/latex/kvsetkeys\kvsetkeys.sty
Package: kvsetkeys 2022-10-05 v1.19 Key value parser (HO)
) (C:\Users\User\AppData\Local\Programs\MiKTeX\tex/generic/kvdefinekeys\kvdefinekeys.sty
Package: kvdefinekeys 2019-12-19 v1.6 Define keys (HO)
) (C:\Users\User\AppData\Local\Programs\MiKTeX\tex/generic/pdfescape\pdfescape.sty
Package: pdfescape 2019/12/09 v1.15 Implements pdfTeX's escape features (HO)
 (C:\Users\User\AppData\Local\Programs\MiKTeX\tex/generic/ltxcmds\ltxcmds.sty
Package: ltxcmds 2023-12-04 v1.26 LaTeX kernel commands for general use (HO)
) (C:\Users\User\AppData\Local\Programs\MiKTeX\tex/generic/pdftexcmds\pdftexcmds.sty
Package: pdftexcmds 2020-06-27 v0.33 Utility functions of pdfTeX for LuaTeX (HO)
 (C:\Users\User\AppData\Local\Programs\MiKTeX\tex/generic/infwarerr\infwarerr.sty
Package: infwarerr 2019/12/03 v1.5 Providing info/warning/error messages (HO)
)
Package pdftexcmds Info: \pdf@primitive is available.
Package pdftexcmds Info: \pdf@ifprimitive is available.
Package pdftexcmds Info: \pdfdraftmode found.
)) (C:\Users\User\AppData\Local\Programs\MiKTeX\tex/latex/hycolor\hycolor.sty
Package: hycolor 2020-01-27 v1.10 Color options for hyperref/bookmark (HO)
) (C:\Users\User\AppData\Local\Programs\MiKTeX\tex/latex/hyperref\nameref.sty
Package: nameref 2026-01-29 v2.58 Cross-referencing by name of section
 (C:\Users\User\AppData\Local\Programs\MiKTeX\tex/latex/refcount\refcount.sty
Package: refcount 2019/12/15 v3.6 Data extraction from label references (HO)
) (C:\Users\User\AppData\Local\Programs\MiKTeX\tex/generic/gettitlestring\gettitlestring.sty
Package: gettitlestring 2019/12/15 v1.6 Cleanup title references (HO)
 (C:\Users\User\AppData\Local\Programs\MiKTeX\tex/latex/kvoptions\kvoptions.sty
Package: kvoptions 2022-06-15 v3.15 Key value format for package options (HO)
))
\c@section@level=\count308
) (C:\Users\User\AppData\Local\Programs\MiKTeX\tex/latex/etoolbox\etoolbox.sty
Package: etoolbox 2025/10/02 v2.5m e-TeX tools for LaTeX (JAW)
\etb@tempcnta=\count309
) (C:\Users\User\AppData\Local\Programs\MiKTeX\tex/generic/stringenc\stringenc.sty
Package: stringenc 2019/11/29 v1.12 Convert strings between diff. encodings (HO)
)
\@linkdim=\dimen174
\Hy@linkcounter=\count310
\Hy@pagecounter=\count311
 (C:\Users\User\AppData\Local\Programs\MiKTeX\tex/latex/hyperref\pd1enc.def
File: pd1enc.def 2026-01-29 v7.01p Hyperref: PDFDocEncoding definition (HO)
Now handling font encoding PD1 ...
... no UTF-8 mapping file for font encoding PD1
) (C:\Users\User\AppData\Local\Programs\MiKTeX\tex/generic/intcalc\intcalc.sty
Package: intcalc 2019/12/15 v1.3 Expandable calculations with integers (HO)
)
\Hy@SavedSpaceFactor=\count312
 (C:\Users\User\AppData\Local\Programs\MiKTeX\tex/latex/hyperref\puenc.def
File: puenc.def 2026-01-29 v7.01p Hyperref: PDF Unicode definition (HO)
Now handling font encoding PU ...
... no UTF-8 mapping file for font encoding PU
)
Package hyperref Info: Hyper figures OFF on input line 4201.
Package hyperref Info: Link nesting OFF on input line 4206.
Package hyperref Info: Hyper index ON on input line 4209.
Package hyperref Info: Plain pages OFF on input line 4216.
Package hyperref Info: Backreferencing OFF on input line 4221.
Package hyperref Info: Implicit mode ON; LaTeX internals redefined.
Package hyperref Info: Bookmarks ON on input line 4468.
\c@Hy@tempcnt=\count313
 (C:\Users\User\AppData\Local\Programs\MiKTeX\tex/latex/url\url.sty
\Urlmuskip=\muskip17
Package: url 2013/09/16  ver 3.4  Verb mode for urls, etc.
)
LaTeX Info: Redefining \url on input line 4807.
\XeTeXLinkMargin=\dimen175
 (C:\Users\User\AppData\Local\Programs\MiKTeX\tex/generic/bitset\bitset.sty
Package: bitset 2019/12/09 v1.3 Handle bit-vector datatype (HO)
 (C:\Users\User\AppData\Local\Programs\MiKTeX\tex/generic/bigintcalc\bigintcalc.sty
Package: bigintcalc 2019/12/15 v1.5 Expandable calculations on big integers (HO)
))
\Fld@menulength=\count314
\Field@Width=\dimen176
\Fld@charsize=\dimen177
Package hyperref Info: Hyper figures OFF on input line 6084.
Package hyperref Info: Link nesting OFF on input line 6089.
Package hyperref Info: Hyper index ON on input line 6092.
Package hyperref Info: backreferencing OFF on input line 6099.
Package hyperref Info: Link coloring OFF on input line 6104.
Package hyperref Info: Link coloring with OCG OFF on input line 6109.
Package hyperref Info: PDF/A mode OFF on input line 6114.
\Hy@abspage=\count315
\c@Item=\count316
\c@Hfootnote=\count317
)
Package hyperref Info: Driver (autodetected): hpdftex.
 (C:\Users\User\AppData\Local\Programs\MiKTeX\tex/latex/hyperref\hpdftex.def
File: hpdftex.def 2026-01-29 v7.01p Hyperref driver for pdfTeX
\Fld@listcount=\count318
\c@bookmark@seq@number=\count319
 (C:\Users\User\AppData\Local\Programs\MiKTeX\tex/latex/rerunfilecheck\rerunfilecheck.sty
Package: rerunfilecheck 2025-06-21 v1.11 Rerun checks for auxiliary files (HO)
 (C:\Users\User\AppData\Local\Programs\MiKTeX\tex/generic/uniquecounter\uniquecounter.sty
Package: uniquecounter 2019/12/15 v1.4 Provide unlimited unique counter (HO)
)
Package uniquecounter Info: New unique counter `rerunfilecheck' on input line 284.
)
\Hy@SectionHShift=\skip78
) (C:\Users\User\AppData\Local\Programs\MiKTeX\tex/latex/needspace\needspace.sty
Package: needspace 2025/03/13 v1.3e reserve vertical space
) (C:\Users\User\AppData\Local\Programs\MiKTeX\tex/latex/pdfpages\pdfpages.sty
Package: pdfpages 2026/03/30 v0.6h Insert pages of external PDF documents (AM)
 (C:\Users\User\AppData\Local\Programs\MiKTeX\tex/latex/base\ifthen.sty
Package: ifthen 2024/03/16 v1.1e Standard LaTeX ifthen package (DPC)
) (C:\Users\User\AppData\Local\Programs\MiKTeX\tex/latex/tools\calc.sty
Package: calc 2025/03/01 v4.3b Infix arithmetic (KKT,FJ)
\calc@Acount=\count320
\calc@Bcount=\count321
\calc@Adimen=\dimen178
\calc@Bdimen=\dimen179
\calc@Askip=\skip79
\calc@Bskip=\skip80
LaTeX Info: Redefining \setlength on input line 86.
LaTeX Info: Redefining \addtolength on input line 87.
\calc@Ccount=\count322
\calc@Cskip=\skip81
) (C:\Users\User\AppData\Local\Programs\MiKTeX\tex/latex/eso-pic\eso-pic.sty
Package: eso-pic 2025/12/10 v3.0d eso-pic (RN)
\ESO@tempdima=\dimen180
\ESO@tempdimb=\dimen181
) (C:\Users\User\AppData\Local\Programs\MiKTeX\tex/latex/graphics\graphicx.sty
Package: graphicx 2024/12/31 v1.2e Enhanced LaTeX Graphics (DPC,SPQR)
 (C:\Users\User\AppData\Local\Programs\MiKTeX\tex/latex/graphics\graphics.sty
Package: graphics 2024/08/06 v1.4g Standard LaTeX Graphics (DPC,SPQR)
 (C:\Users\User\AppData\Local\Programs\MiKTeX\tex/latex/graphics\trig.sty
Package: trig 2023/12/02 v1.11 sin cos tan (DPC)
) (C:\Users\User\AppData\Local\Programs\MiKTeX\tex/latex/graphics-cfg\graphics.cfg
File: graphics.cfg 2016/06/04 v1.11 sample graphics configuration
)
Package graphics Info: Driver file: pdftex.def on input line 106.
)
\Gin@req@height=\dimen182
\Gin@req@width=\dimen183
)
\AM@pagewidth=\dimen184
\AM@pageheight=\dimen185
\AM@fboxrule=\dimen186
 (C:\Users\User\AppData\Local\Programs\MiKTeX\tex/latex/pdfpages\pppdftex.def
File: pppdftex.def 2026/03/30 v0.6h Pdfpages driver for pdfTeX (AM)
)
\pdfpages@includegraphics@status=\count323
\AM@pagebox=\box56
\AM@global@opts=\toks32
\AM@pagecnt=\count324
\AM@toc@title=\toks33
\AM@lof@heading=\toks34
\c@AM@survey=\count325
\AM@templatesizebox=\box57
) (C:\Users\User\AppData\Local\Programs\MiKTeX\tex/latex/enumitem\enumitem.sty
Package: enumitem 2025/02/06 v3.11 Customized lists
\labelindent=\skip82
\enit@outerparindent=\dimen187
\enit@toks=\toks35
\enit@inbox=\box58
\enit@count@id=\count326
\enitdp@description=\count327
) (C:\Users\User\AppData\Local\Programs\MiKTeX\tex/latex/footmisc\footmisc.sty
Package: footmisc 2025/05/09 v7.0b a miscellany of footnote facilities
\FN@temptoken=\toks36
\footnotemargin=\dimen188
Package footmisc Info: Declaring symbol style bringhurst on input line 549.
Package footmisc Info: Declaring symbol style chicago on input line 557.
Package footmisc Info: Declaring symbol style wiley on input line 566.
Package footmisc Info: Declaring symbol style lamport-robust on input line 577.
Package footmisc Info: Declaring symbol style lamport* on input line 597.
Package footmisc Info: Declaring symbol style lamport*-robust on input line 618.
) (C:\Users\User\AppData\Local\Programs\MiKTeX\tex/generic/babel\babel.sty
Package: babel 2026/03/24 v26.5 The multilingual framework for LuaLaTeX, pdfLaTeX and XeLaTeX
\babel@savecnt=\count328
LaTeX Encoding Info:    Redeclaring text command \ij (encoding OT1) on input line 2078.
LaTeX Encoding Info:    Redeclaring text command \IJ (encoding OT1) on input line 2080.
LaTeX Encoding Info:    Redeclaring text command \ij (encoding T1) on input line 2082.
LaTeX Encoding Info:    Redeclaring text command \IJ (encoding T1) on input line 2083.
LaTeX Encoding Info:    Ignoring declaration for text command \ij (encoding ?) on input line 2084.
LaTeX Encoding Info:    Ignoring declaration for text command \IJ (encoding ?) on input line 2086.
LaTeX Encoding Info:    Ignoring declaration for text command \SS (encoding ?) on input line 2111.
\U@D=\dimen189
\l@unhyphenated=\language79
 (C:\Users\User\AppData\Local\Programs\MiKTeX\tex/generic/babel\txtbabel.def)
\bbl@readstream=\read2
\bbl@dirlevel=\count329
Package babel Info: Configuration files are deprecated, as
(babel)             they can break document portability.
(babel)             Reported on input line 4206.

*************************************
* Local config file bblopts.cfg used
*
(C:\Users\User\AppData\Local\Programs\MiKTeX\tex/latex/arabi\bblopts.cfg
File: bblopts.cfg 2005/09/08 v0.1 add Arabic and Farsi to "declared" options of babel
) (C:\Users\User\AppData\Local\Programs\MiKTeX\tex/generic/babel/locale/fr\babel-french.tex)
Package babel Info: Importing font and identification data for french
(babel)             from babel-fr.ini. Reported on input line 4330.
 (C:\Users\User\AppData\Local\Programs\MiKTeX\tex/generic/babel-french\french.ldf
Language: french 2025-08-15 v4.0e French support from the babel system
 (C:\Users\User\AppData\Local\Programs\MiKTeX\tex/generic/babel-french\french3.ldf
Language: french 2025-08-15 v3.7e French support from the babel system
\FB@stdchar=\count330
Package babel Info: Making : an active character on input line 273.
Package babel Info: Making ; an active character on input line 274.
Package babel Info: Making ! an active character on input line 275.
Package babel Info: Making ? an active character on input line 276.
\FBguill@level=\count331
\FBold@everypar=\toks37
\FB@Mht=\dimen190
\mc@charclass=\count332
\mc@charfam=\count333
\mc@charslot=\count334
\std@mcc=\count335
\dec@mcc=\count336
\FB@pardim=\dimen191
\listindentFB=\dimen192
\descindentFB=\dimen193
\labelindentFB=\dimen194
\labelwidthFB=\dimen195
\leftmarginFB=\dimen196
\parindentFFN=\dimen197
\FBfnindent=\dimen198
))) (C:\Users\User\AppData\Local\Programs\MiKTeX\tex/latex/carlisle\scalefnt.sty) (C:\Users\User\AppData\Local\Programs\MiKTeX\tex/latex/tools\varioref.sty
Package: varioref 2025/01/14 v1.6g package for extended references (FMi)
\c@vrcnt=\count337
) (C:\Users\User\AppData\Local\Programs\MiKTeX\tex/latex/acronym\acronym.sty
Package: acronym 2025/01/17 v1.50 Support for acronyms (Tobias Oetiker)
 (C:\Users\User\AppData\Local\Programs\MiKTeX\tex/latex/bigfoot\suffix.sty
Package: suffix 2006/07/15 1.5a Variant command support
) (C:\Users\User\AppData\Local\Programs\MiKTeX\tex/latex/xstring\xstring.sty (C:\Users\User\AppData\Local\Programs\MiKTeX\tex/generic/xstring\xstring.tex
\xs_counta=\count338
\xs_countb=\count339
)
Package: xstring 2023/08/22 v1.86 String manipulations (CT)
)
\AC@clearlist=\toks38
) (C:\Users\User\AppData\Local\Programs\MiKTeX\tex/latex/minitoc\minitoc.sty
Package: minitoc 2018/07/12 v62 Package minitoc
 (C:\Users\User\AppData\Local\Programs\MiKTeX\tex/latex/minitoc\mtcmess.sty
Package: mtcmess 2006/03/14
)
Package minitoc Info: I0001
(minitoc)             *** minitoc package, version 62 ***.
\tf@mtc=\write3
\mtcindent=\skip83
\mtcskipamount=\skip84
Package minitoc Info: I0005
(minitoc)             compatible with hyperref.
Package minitoc Info: I0023
(minitoc)             part level macros available.
Package minitoc Info: I0003
(minitoc)             chapter level macros available.
\mtc@toks=\toks39
\mtc@strutbox=\box59
\mtc@hstrutbox=\box60
Package minitoc Info: I0002
(minitoc)             Autoconfiguration of extensions.
\openout3 = `main.mtc0'.

\openout3 = `main.mtc'.

 (main.mtc0)
Package minitoc Info: I0012
(minitoc)             Long extensions (Unix-like) will be used.
Package minitoc Info: I0031
(minitoc)             ==> this version is configured for UNIX-like 
(minitoc)                 (long extensions) file names.
\openout3 = `main.mtc'.

\openout3 = `main.mtc0'.

\c@mtc=\count340
\c@minitocdepth=\count341
\c@ptc=\count342
\c@parttocdepth=\count343
\ptcindent=\skip85
Package minitoc Info: I0010
(minitoc)             The english language is selected.
(minitoc)              on input line 4910.
 (C:\Users\User\AppData\Local\Programs\MiKTeX\tex/latex/minitoc\english.mld
File: english.mld 2006/01/13
) (C:\Users\User\AppData\Local\Programs\MiKTeX\tex/latex/minitoc\english.mld
File: english.mld 2006/01/13
)
Package minitoc Info: I0010
(minitoc)             The french language is selected.
(minitoc)              on input line 4911.
 (C:\Users\User\AppData\Local\Programs\MiKTeX\tex/latex/minitoc\french.mld
File: french.mld 2006/03/21
)) (C:\Users\User\AppData\Local\Programs\MiKTeX\tex/latex/base\inputenc.sty
Package: inputenc 2024/02/08 v1.3d Input encoding file
\inpenc@prehook=\toks40
\inpenc@posthook=\toks41
) (C:\Users\User\AppData\Local\Programs\MiKTeX\tex/latex/base\fontenc.sty
Package: fontenc 2025/07/18 v2.1d Standard LaTeX package
) (C:\Users\User\AppData\Local\Programs\MiKTeX\tex/latex/tcolorbox\tcolorbox.sty
Package: tcolorbox 2025/11/28 version 6.9.0 text color boxes
 (C:\Users\User\AppData\Local\Programs\MiKTeX\tex/latex/pgf/frontendlayer\tikz.sty (C:\Users\User\AppData\Local\Programs\MiKTeX\tex/latex/pgf/basiclayer\pgf.sty (C:\Users\User\AppData\Local\Programs\MiKTeX\tex/latex/pgf/utilities\pgfrcs.sty (C:\Users\User\AppData\Local\Programs\MiKTeX\tex/generic/pgf/utilities\pgfutil-common.tex
\pgfutil@everybye=\toks42
\pgfutil@tempdima=\dimen199
\pgfutil@tempdimb=\dimen256
) (C:\Users\User\AppData\Local\Programs\MiKTeX\tex/generic/pgf/utilities\pgfutil-latex.def
\pgfutil@abb=\box61
) (C:\Users\User\AppData\Local\Programs\MiKTeX\tex/generic/pgf/utilities\pgfrcs.code.tex (C:\Users\User\AppData\Local\Programs\MiKTeX\tex/generic/pgf\pgf.revision.tex)
Package: pgfrcs 2025-08-29 v3.1.11a (3.1.11a)
))
Package: pgf 2025-08-29 v3.1.11a (3.1.11a)
 (C:\Users\User\AppData\Local\Programs\MiKTeX\tex/latex/pgf/basiclayer\pgfcore.sty (C:\Users\User\AppData\Local\Programs\MiKTeX\tex/latex/pgf/systemlayer\pgfsys.sty (C:\Users\User\AppData\Local\Programs\MiKTeX\tex/generic/pgf/systemlayer\pgfsys.code.tex
Package: pgfsys 2025-08-29 v3.1.11a (3.1.11a)
 (C:\Users\User\AppData\Local\Programs\MiKTeX\tex/generic/pgf/utilities\pgfkeys.code.tex
\pgfkeys@pathtoks=\toks43
\pgfkeys@temptoks=\toks44
 (C:\Users\User\AppData\Local\Programs\MiKTeX\tex/generic/pgf/utilities\pgfkeyslibraryfiltered.code.tex
\pgfkeys@tmptoks=\toks45
))
\pgf@x=\dimen257
\pgf@y=\dimen258
\pgf@xa=\dimen259
\pgf@ya=\dimen260
\pgf@xb=\dimen261
\pgf@yb=\dimen262
\pgf@xc=\dimen263
\pgf@yc=\dimen264
\pgf@xd=\dimen265
\pgf@yd=\dimen266
\w@pgf@writea=\write4
\r@pgf@reada=\read3
\c@pgf@counta=\count344
\c@pgf@countb=\count345
\c@pgf@countc=\count346
\c@pgf@countd=\count347
\t@pgf@toka=\toks46
\t@pgf@tokb=\toks47
\t@pgf@tokc=\toks48
\pgf@sys@id@count=\count348
 (C:\Users\User\AppData\Local\Programs\MiKTeX\tex/generic/pgf/systemlayer\pgf.cfg
File: pgf.cfg 2025-08-29 v3.1.11a (3.1.11a)
)
Driver file for pgf: pgfsys-pdftex.def
 (C:\Users\User\AppData\Local\Programs\MiKTeX\tex/generic/pgf/systemlayer\pgfsys-pdftex.def
File: pgfsys-pdftex.def 2025-08-29 v3.1.11a (3.1.11a)
 (C:\Users\User\AppData\Local\Programs\MiKTeX\tex/generic/pgf/systemlayer\pgfsys-common-pdf.def
File: pgfsys-common-pdf.def 2025-08-29 v3.1.11a (3.1.11a)
))) (C:\Users\User\AppData\Local\Programs\MiKTeX\tex/generic/pgf/systemlayer\pgfsyssoftpath.code.tex
File: pgfsyssoftpath.code.tex 2025-08-29 v3.1.11a (3.1.11a)
\pgfsyssoftpath@smallbuffer@items=\count349
\pgfsyssoftpath@bigbuffer@items=\count350
) (C:\Users\User\AppData\Local\Programs\MiKTeX\tex/generic/pgf/systemlayer\pgfsysprotocol.code.tex
File: pgfsysprotocol.code.tex 2025-08-29 v3.1.11a (3.1.11a)
)) (C:\Users\User\AppData\Local\Programs\MiKTeX\tex/generic/pgf/basiclayer\pgfcore.code.tex
Package: pgfcore 2025-08-29 v3.1.11a (3.1.11a)
 (C:\Users\User\AppData\Local\Programs\MiKTeX\tex/generic/pgf/math\pgfmath.code.tex (C:\Users\User\AppData\Local\Programs\MiKTeX\tex/generic/pgf/math\pgfmathutil.code.tex) (C:\Users\User\AppData\Local\Programs\MiKTeX\tex/generic/pgf/math\pgfmathparser.code.tex
\pgfmath@dimen=\dimen267
\pgfmath@count=\count351
\pgfmath@box=\box62
\pgfmath@toks=\toks49
\pgfmath@stack@operand=\toks50
\pgfmath@stack@operation=\toks51
) (C:\Users\User\AppData\Local\Programs\MiKTeX\tex/generic/pgf/math\pgfmathfunctions.code.tex) (C:\Users\User\AppData\Local\Programs\MiKTeX\tex/generic/pgf/math\pgfmathfunctions.basic.code.tex) (C:\Users\User\AppData\Local\Programs\MiKTeX\tex/generic/pgf/math\pgfmathfunctions.trigonometric.code.tex) (C:\Users\User\AppData\Local\Programs\MiKTeX\tex/generic/pgf/math\pgfmathfunctions.random.code.tex) (C:\Users\User\AppData\Local\Programs\MiKTeX\tex/generic/pgf/math\pgfmathfunctions.comparison.code.tex) (C:\Users\User\AppData\Local\Programs\MiKTeX\tex/generic/pgf/math\pgfmathfunctions.base.code.tex) (C:\Users\User\AppData\Local\Programs\MiKTeX\tex/generic/pgf/math\pgfmathfunctions.round.code.tex) (C:\Users\User\AppData\Local\Programs\MiKTeX\tex/generic/pgf/math\pgfmathfunctions.misc.code.tex) (C:\Users\User\AppData\Local\Programs\MiKTeX\tex/generic/pgf/math\pgfmathfunctions.integerarithmetics.code.tex) (C:\Users\User\AppData\Local\Programs\MiKTeX\tex/generic/pgf/math\pgfmathcalc.code.tex) (C:\Users\User\AppData\Local\Programs\MiKTeX\tex/generic/pgf/math\pgfmathfloat.code.tex
\c@pgfmathroundto@lastzeros=\count352
)) (C:\Users\User\AppData\Local\Programs\MiKTeX\tex/generic/pgf/math\pgfint.code.tex) (C:\Users\User\AppData\Local\Programs\MiKTeX\tex/generic/pgf/basiclayer\pgfcorepoints.code.tex
File: pgfcorepoints.code.tex 2025-08-29 v3.1.11a (3.1.11a)
\pgf@picminx=\dimen268
\pgf@picmaxx=\dimen269
\pgf@picminy=\dimen270
\pgf@picmaxy=\dimen271
\pgf@pathminx=\dimen272
\pgf@pathmaxx=\dimen273
\pgf@pathminy=\dimen274
\pgf@pathmaxy=\dimen275
\pgf@xx=\dimen276
\pgf@xy=\dimen277
\pgf@yx=\dimen278
\pgf@yy=\dimen279
\pgf@zx=\dimen280
\pgf@zy=\dimen281
) (C:\Users\User\AppData\Local\Programs\MiKTeX\tex/generic/pgf/basiclayer\pgfcorepathconstruct.code.tex
File: pgfcorepathconstruct.code.tex 2025-08-29 v3.1.11a (3.1.11a)
\pgf@path@lastx=\dimen282
\pgf@path@lasty=\dimen283
) (C:\Users\User\AppData\Local\Programs\MiKTeX\tex/generic/pgf/basiclayer\pgfcorepathusage.code.tex
File: pgfcorepathusage.code.tex 2025-08-29 v3.1.11a (3.1.11a)
\pgf@shorten@end@additional=\dimen284
\pgf@shorten@start@additional=\dimen285
) (C:\Users\User\AppData\Local\Programs\MiKTeX\tex/generic/pgf/basiclayer\pgfcorescopes.code.tex
File: pgfcorescopes.code.tex 2025-08-29 v3.1.11a (3.1.11a)
\pgfpic=\box63
\pgf@hbox=\box64
\pgf@layerbox@main=\box65
\pgf@picture@serial@count=\count353
) (C:\Users\User\AppData\Local\Programs\MiKTeX\tex/generic/pgf/basiclayer\pgfcoregraphicstate.code.tex
File: pgfcoregraphicstate.code.tex 2025-08-29 v3.1.11a (3.1.11a)
\pgflinewidth=\dimen286
) (C:\Users\User\AppData\Local\Programs\MiKTeX\tex/generic/pgf/basiclayer\pgfcoretransformations.code.tex
File: pgfcoretransformations.code.tex 2025-08-29 v3.1.11a (3.1.11a)
\pgf@pt@x=\dimen287
\pgf@pt@y=\dimen288
\pgf@pt@temp=\dimen289
) (C:\Users\User\AppData\Local\Programs\MiKTeX\tex/generic/pgf/basiclayer\pgfcorequick.code.tex
File: pgfcorequick.code.tex 2025-08-29 v3.1.11a (3.1.11a)
) (C:\Users\User\AppData\Local\Programs\MiKTeX\tex/generic/pgf/basiclayer\pgfcoreobjects.code.tex
File: pgfcoreobjects.code.tex 2025-08-29 v3.1.11a (3.1.11a)
) (C:\Users\User\AppData\Local\Programs\MiKTeX\tex/generic/pgf/basiclayer\pgfcorepathprocessing.code.tex
File: pgfcorepathprocessing.code.tex 2025-08-29 v3.1.11a (3.1.11a)
) (C:\Users\User\AppData\Local\Programs\MiKTeX\tex/generic/pgf/basiclayer\pgfcorearrows.code.tex
File: pgfcorearrows.code.tex 2025-08-29 v3.1.11a (3.1.11a)
\pgfarrowsep=\dimen290
) (C:\Users\User\AppData\Local\Programs\MiKTeX\tex/generic/pgf/basiclayer\pgfcoreshade.code.tex
File: pgfcoreshade.code.tex 2025-08-29 v3.1.11a (3.1.11a)
\pgf@max=\dimen291
\pgf@sys@shading@range@num=\count354
\pgf@shadingcount=\count355
) (C:\Users\User\AppData\Local\Programs\MiKTeX\tex/generic/pgf/basiclayer\pgfcoreimage.code.tex
File: pgfcoreimage.code.tex 2025-08-29 v3.1.11a (3.1.11a)
) (C:\Users\User\AppData\Local\Programs\MiKTeX\tex/generic/pgf/basiclayer\pgfcoreexternal.code.tex
File: pgfcoreexternal.code.tex 2025-08-29 v3.1.11a (3.1.11a)
\pgfexternal@startupbox=\box66
) (C:\Users\User\AppData\Local\Programs\MiKTeX\tex/generic/pgf/basiclayer\pgfcorelayers.code.tex
File: pgfcorelayers.code.tex 2025-08-29 v3.1.11a (3.1.11a)
) (C:\Users\User\AppData\Local\Programs\MiKTeX\tex/generic/pgf/basiclayer\pgfcoretransparency.code.tex
File: pgfcoretransparency.code.tex 2025-08-29 v3.1.11a (3.1.11a)
) (C:\Users\User\AppData\Local\Programs\MiKTeX\tex/generic/pgf/basiclayer\pgfcorepatterns.code.tex
File: pgfcorepatterns.code.tex 2025-08-29 v3.1.11a (3.1.11a)
) (C:\Users\User\AppData\Local\Programs\MiKTeX\tex/generic/pgf/basiclayer\pgfcorerdf.code.tex
File: pgfcorerdf.code.tex 2025-08-29 v3.1.11a (3.1.11a)
))) (C:\Users\User\AppData\Local\Programs\MiKTeX\tex/generic/pgf/modules\pgfmoduleshapes.code.tex
File: pgfmoduleshapes.code.tex 2025-08-29 v3.1.11a (3.1.11a)
\pgfnodeparttextbox=\box67
) (C:\Users\User\AppData\Local\Programs\MiKTeX\tex/generic/pgf/modules\pgfmoduleplot.code.tex
File: pgfmoduleplot.code.tex 2025-08-29 v3.1.11a (3.1.11a)
) (C:\Users\User\AppData\Local\Programs\MiKTeX\tex/latex/pgf/compatibility\pgfcomp-version-0-65.sty
Package: pgfcomp-version-0-65 2025-08-29 v3.1.11a (3.1.11a)
\pgf@nodesepstart=\dimen292
\pgf@nodesepend=\dimen293
) (C:\Users\User\AppData\Local\Programs\MiKTeX\tex/latex/pgf/compatibility\pgfcomp-version-1-18.sty
Package: pgfcomp-version-1-18 2025-08-29 v3.1.11a (3.1.11a)
)) (C:\Users\User\AppData\Local\Programs\MiKTeX\tex/latex/pgf/utilities\pgffor.sty (C:\Users\User\AppData\Local\Programs\MiKTeX\tex/latex/pgf/utilities\pgfkeys.sty (C:\Users\User\AppData\Local\Programs\MiKTeX\tex/generic/pgf/utilities\pgfkeys.code.tex)) (C:\Users\User\AppData\Local\Programs\MiKTeX\tex/latex/pgf/math\pgfmath.sty (C:\Users\User\AppData\Local\Programs\MiKTeX\tex/generic/pgf/math\pgfmath.code.tex)) (C:\Users\User\AppData\Local\Programs\MiKTeX\tex/generic/pgf/utilities\pgffor.code.tex
Package: pgffor 2025-08-29 v3.1.11a (3.1.11a)
\pgffor@iter=\dimen294
\pgffor@skip=\dimen295
\pgffor@stack=\toks52
\pgffor@toks=\toks53
)) (C:\Users\User\AppData\Local\Programs\MiKTeX\tex/generic/pgf/frontendlayer/tikz\tikz.code.tex
Package: tikz 2025-08-29 v3.1.11a (3.1.11a)
 (C:\Users\User\AppData\Local\Programs\MiKTeX\tex/generic/pgf/libraries\pgflibraryplothandlers.code.tex
File: pgflibraryplothandlers.code.tex 2025-08-29 v3.1.11a (3.1.11a)
\pgf@plot@mark@count=\count356
\pgfplotmarksize=\dimen296
)
\tikz@lastx=\dimen297
\tikz@lasty=\dimen298
\tikz@lastxsaved=\dimen299
\tikz@lastysaved=\dimen300
\tikz@lastmovetox=\dimen301
\tikz@lastmovetoy=\dimen302
\tikzleveldistance=\dimen303
\tikzsiblingdistance=\dimen304
\tikz@figbox=\box68
\tikz@figbox@bg=\box69
\tikz@tempbox=\box70
\tikz@tempbox@bg=\box71
\tikztreelevel=\count357
\tikznumberofchildren=\count358
\tikznumberofcurrentchild=\count359
\tikz@fig@count=\count360
 (C:\Users\User\AppData\Local\Programs\MiKTeX\tex/generic/pgf/modules\pgfmodulematrix.code.tex
File: pgfmodulematrix.code.tex 2025-08-29 v3.1.11a (3.1.11a)
\pgfmatrixcurrentrow=\count361
\pgfmatrixcurrentcolumn=\count362
\pgf@matrix@numberofcolumns=\count363
)
\tikz@expandcount=\count364
 (C:\Users\User\AppData\Local\Programs\MiKTeX\tex/generic/pgf/frontendlayer/tikz/libraries\tikzlibrarytopaths.code.tex
File: tikzlibrarytopaths.code.tex 2025-08-29 v3.1.11a (3.1.11a)
))) (C:\Users\User\AppData\Local\Programs\MiKTeX\tex/latex/tools\verbatim.sty
Package: verbatim 2024-01-22 v1.5x LaTeX2e package for verbatim enhancements
\every@verbatim=\toks54
\verbatim@line=\toks55
\verbatim@in@stream=\read4
)
\tcb@titlebox=\box72
\tcb@upperbox=\box73
\tcb@lowerbox=\box74
\tcb@phantombox=\box75
\c@tcbbreakpart=\count365
\c@tcblayer=\count366
\c@tcolorbox@number=\count367
\l__tcobox_tmpa_box=\box76
\l__tcobox_tmpa_dim=\dimen305
\tcb@temp=\box77
\tcb@temp=\box78
\tcb@temp=\box79
\tcb@temp=\box80
 (C:\Users\User\AppData\Local\Programs\MiKTeX\tex/latex/tcolorbox\tcbskins.code.tex
Library (tcolorbox): 'tcbskins.code.tex' version '6.9.0'
(C:\Users\User\AppData\Local\Programs\MiKTeX\tex/latex/tikzfill\tikzfill.image.sty
Package: tikzfill.image 2026/03/26 v1.1.0 Image filling library for TikZ
 (C:\Users\User\AppData\Local\Programs\MiKTeX\tex/latex/tikzfill\tikzlibraryfill.image.code.tex
File: tikzlibraryfill.image.code.tex 2026/03/26 v1.1.0 Image filling library
\l__tikzfill_tmpa_dim=\dimen306
\l__tikzfill_tmpb_dim=\dimen307
\l__tikzfill_img_box=\box81
)) (C:\Users\User\AppData\Local\Programs\MiKTeX\tex/latex/tcolorbox\tcbskinsjigsaw.code.tex
Library (tcolorbox): 'tcbskinsjigsaw.code.tex' version '6.9.0'
))) (C:\Users\User\AppData\Local\Programs\MiKTeX\tex/latex/adjustbox\adjustbox.sty
Package: adjustbox 2025/02/26 v1.3c Adjusting TeX boxes (trim, clip, ...)
 (C:\Users\User\AppData\Local\Programs\MiKTeX\tex/latex/xkeyval\xkeyval.sty
Package: xkeyval 2022/06/16 v2.9 package option processing (HA)
 (C:\Users\User\AppData\Local\Programs\MiKTeX\tex/generic/xkeyval\xkeyval.tex (C:\Users\User\AppData\Local\Programs\MiKTeX\tex/generic/xkeyval\xkvutils.tex
\XKV@toks=\toks56
\XKV@tempa@toks=\toks57
)
\XKV@depth=\count368
File: xkeyval.tex 2014/12/03 v2.7a key=value parser (HA)
)) (C:\Users\User\AppData\Local\Programs\MiKTeX\tex/latex/adjustbox\adjcalc.sty
Package: adjcalc 2012/05/16 v1.1 Provides advanced setlength with multiple back-ends (calc, etex, pgfmath)
) (C:\Users\User\AppData\Local\Programs\MiKTeX\tex/latex/adjustbox\trimclip.sty
Package: trimclip 2025/02/21 v1.2a Trim and clip general TeX material
 (C:\Users\User\AppData\Local\Programs\MiKTeX\tex/latex/collectbox\collectbox.sty
Package: collectbox 2022/10/17 v0.4c Collect macro arguments as boxes
\collectedbox=\box82
)
\tc@llx=\dimen308
\tc@lly=\dimen309
\tc@urx=\dimen310
\tc@ury=\dimen311
Package trimclip Info: Using driver 'tc-pdftex.def'.
 (C:\Users\User\AppData\Local\Programs\MiKTeX\tex/latex/adjustbox\tc-pdftex.def
File: tc-pdftex.def 2025/02/26 v2.3 Clipping driver for pdftex
))
\adjbox@Width=\dimen312
\adjbox@Height=\dimen313
\adjbox@Depth=\dimen314
\adjbox@Totalheight=\dimen315
\adjbox@pwidth=\dimen316
\adjbox@pheight=\dimen317
\adjbox@pdepth=\dimen318
\adjbox@ptotalheight=\dimen319
 (C:\Users\User\AppData\Local\Programs\MiKTeX\tex/latex/ifoddpage\ifoddpage.sty
Package: ifoddpage 2022/10/18 v1.2 Conditionals for odd/even page detection
\c@checkoddpage=\count369
) (C:\Users\User\AppData\Local\Programs\MiKTeX\tex/latex/varwidth\varwidth.sty
Package: varwidth 2009/03/30 ver 0.92;  Variable-width minipages
\@vwid@box=\box83
\sift@deathcycles=\count370
\@vwid@loff=\dimen320
\@vwid@roff=\dimen321
)
==> First Aid for varwidth.sty applied!
) (C:\Users\User\AppData\Local\Programs\MiKTeX\tex/latex/setspace\setspace.sty
Package: setspace 2022/12/04 v6.7b set line spacing
) (C:\Users\User\AppData\Local\Programs\MiKTeX\tex/latex/minted\minted.sty
Package: minted 2026/03/03 v3.8.0 Yet another Pygments shim for LaTeX
 (C:\Users\User\AppData\Local\Programs\MiKTeX\tex/generic/catchfile\catchfile.sty
Package: catchfile 2019/12/09 v1.8 Catch the contents of a file (HO)
 (C:\Users\User\AppData\Local\Programs\MiKTeX\tex/generic/etexcmds\etexcmds.sty
Package: etexcmds 2019/12/15 v1.7 Avoid name clashes with e-TeX commands (HO)
)) (C:\Users\User\AppData\Local\Programs\MiKTeX\tex/latex/fvextra\fvextra.sty
Package: fvextra 2026/02/25 v1.14.0 fvextra - extensions and patches for fancyvrb
 (C:\Users\User\AppData\Local\Programs\MiKTeX\tex/latex/fancyvrb\fancyvrb.sty
Package: fancyvrb 2025/07/28 4.6 verbatim text (tvz,hv)
\FV@CodeLineNo=\count371
\FV@InFile=\read5
\FV@TabBox=\box84
\c@FancyVerbLine=\count372
\FV@StepNumber=\count373
\FV@OutFile=\write5
) (C:\Users\User\AppData\Local\Programs\MiKTeX\tex/latex/upquote\upquote.sty
Package: upquote 2012/04/19 v1.3 upright-quote and grave-accent glyphs in verbatim
 (C:\Users\User\AppData\Local\Programs\MiKTeX\tex/latex/base\textcomp.sty
Package: textcomp 2024/04/24 v2.1b Standard LaTeX package
)) (C:\Users\User\AppData\Local\Programs\MiKTeX\tex/latex/lineno\lineno.sty
Package: lineno 2026/03/08 line numbers on paragraphs v5.9
\linenopenalty=\count374
\output=\toks58
\linenoprevgraf=\count375
\linenumbersep=\dimen322
\linenumberwidth=\dimen323
\c@linenumber=\count376
\c@pagewiselinenumber=\count377
\c@LN@truepage=\count378
\c@internallinenumber=\count379
\c@internallinenumbers=\count380
\quotelinenumbersep=\dimen324
\bframerule=\dimen325
\bframesep=\dimen326
\bframebox=\box85
)
\c@FancyVerbWriteLine=\count381
\c@FancyVerbBufferLine=\count382
\c@FV@TrueTabGroupLevel=\count383
\c@FV@TrueTabCounter=\count384
\FV@TabBox@Group=\box86
\FV@bgcolorstructbox=\box87
\FV@TmpLength=\skip86
\c@FV@HighlightLinesStart=\count385
\c@FV@HighlightLinesStop=\count386
\FV@LoopCount=\count387
\FV@NCharsBox=\box88
\FV@BreakIndent=\dimen327
\FV@BreakIndentNChars=\count388
\FV@BreakSymbolSepLeft=\dimen328
\FV@BreakSymbolSepLeftNChars=\count389
\FV@BreakSymbolSepRight=\dimen329
\FV@BreakSymbolSepRightNChars=\count390
\FV@BreakSymbolIndentLeft=\dimen330
\FV@BreakSymbolIndentLeftNChars=\count391
\FV@BreakSymbolIndentRight=\dimen331
\FV@BreakSymbolIndentRightNChars=\count392
\c@FancyVerbLineBreakLast=\count393
\FV@LineBox=\box89
\FV@LineIndentBox=\box90
\c@FV@BreakBufferDepth=\count394
\FV@LineWidth=\dimen332
) (C:\Users\User\AppData\Local\Programs\MiKTeX\tex/latex/latex2pydata\latex2pydata.sty
Package: latex2pydata 2026/02/25 v0.7.0 latex2pydata - write data to file in Python literal format
) (C:\Users\User\AppData\Local\Programs\MiKTeX\tex/latex/pgfopts\pgfopts.sty
Package: pgfopts 2014/07/10 v2.1a LaTeX package options with pgfkeys
\pgfopts@list@add@a@toks=\toks59
\pgfopts@list@add@b@toks=\toks60
) (C:\Users\User\AppData\Local\Programs\MiKTeX\tex/latex/tools\shellesc.sty
Package: shellesc 2023/07/08 v1.0d unified shell escape interface for LaTeX
Package shellesc Info: Restricted shell escape enabled on input line 77.
) (C:\Users\User\AppData\Local\Programs\MiKTeX\tex/latex/float\float.sty
Package: float 2001/11/08 v1.3d Float enhancements (AL)
\c@float@type=\count395
\float@exts=\toks61
\float@box=\box91
\@float@everytoks=\toks62
\@floatcapt=\box92
)
\c@minted@FancyVerbLineTemp=\count396
\@float@every@listing=\toks63
\c@listing=\count397
) (C:\Users\User\AppData\Local\Programs\MiKTeX\tex/latex/tools\tabularx.sty
Package: tabularx 2023/12/11 v2.12a `tabularx' package (DPC)
\TX@col@width=\dimen333
\TX@old@table=\dimen334
\TX@old@col=\dimen335
\TX@target=\dimen336
\TX@delta=\dimen337
\TX@cols=\count398
\TX@ftn=\toks64
) (C:\Users\User\AppData\Local\Programs\MiKTeX\tex/latex/ctable\ctable.sty
Package: ctable 2025/10/22 v1.33 package for flexible key/value driven typesetting of floats
 (C:\Users\User\AppData\Local\Programs\MiKTeX\tex/generic/iftex\ifpdf.sty
Package: ifpdf 2019/10/25 v3.4 ifpdf legacy package. Use iftex instead.
) (C:\Users\User\AppData\Local\Programs\MiKTeX\tex/latex/booktabs\booktabs.sty
Package: booktabs 2020/01/12 v1.61803398 Publication quality tables
\heavyrulewidth=\dimen338
\lightrulewidth=\dimen339
\cmidrulewidth=\dimen340
\belowrulesep=\dimen341
\belowbottomsep=\dimen342
\aboverulesep=\dimen343
\abovetopsep=\dimen344
\cmidrulesep=\dimen345
\cmidrulekern=\dimen346
\defaultaddspace=\dimen347
\@cmidla=\count399
\@cmidlb=\count400
\@aboverulesep=\dimen348
\@belowrulesep=\dimen349
\@thisruleclass=\count401
\@lastruleclass=\count402
\@thisrulewidth=\dimen350
) (C:\Users\User\AppData\Local\Programs\MiKTeX\tex/latex/graphics\rotating.sty
Package: rotating 2025/01/14 v2.16e rotated objects in LaTeX
\c@r@tfl@t=\count403
\rotFPtop=\skip87
\rotFPbot=\skip88
\rot@float@box=\box93
\rot@mess@toks=\toks65
)
\@CTframesep=\dimen351
\@dfltCTframesep=\dimen352
\@CTframerule=\dimen353
\@dfltCTframerule=\dimen354
\@CTwidth=\dimen355
\@dfltCTwidth=\dimen356
\@CTcaptionskip=\dimen357
\@dfltCTcaptionskip=\dimen358
\@CTmaxwidth=\dimen359
\@dfltCTmaxwidth=\dimen360
\@CTmincapwidth=\dimen361
\@dfltCTmincapwidth=\dimen362
\@CTfooterwidth=\dimen363
\@dfltCTfooterwidth=\dimen364
\@CTw=\dimen365
\@CTfloatwidth=\dimen366
\@CToldsep=\dimen367
\@CToldrule=\dimen368
\CT@t=\box94
\@CTcurftwidth=\dimen369
) (C:\Users\User\AppData\Local\Programs\MiKTeX\tex/latex/multirow\multirow.sty
Package: multirow 2024/11/12 v2.9 Span multiple rows of a table
\multirow@colwidth=\skip89
\multirow@cntb=\count404
\multirow@dima=\skip90
\bigstrutjot=\dimen370
) (C:\Users\User\AppData\Local\Programs\MiKTeX\tex/latex/seqsplit\seqsplit.sty
Package: seqsplit 2006/08/07 v0.1 Splitting long sequences (DNA, RNA, proteins, etc.) 
) (C:\Users\User\AppData\Local\Programs\MiKTeX\tex/latex/base\fontenc.sty
Package: fontenc 2025/07/18 v2.1d Standard LaTeX package
) (C:\Users\User\AppData\Local\Programs\MiKTeX\tex/latex/wrapfig\wrapfig.sty
\wrapoverhang=\dimen371
\WF@size=\dimen372
\c@WF@wrappedlines=\count405
\WF@box=\box95
\WF@everypar=\toks66
Package: wrapfig 2003/01/31  v 3.6
) (C:\Users\User\AppData\Local\Programs\MiKTeX\tex/latex/nowidow\nowidow.sty
Package: nowidow 2011/09/20 1.0 Easily prevent widows and orphans
Package: nowidow 
) (C:\Users\User\AppData\Local\Programs\MiKTeX\tex/latex/ragged2e\ragged2e.sty
Package: ragged2e 2023/06/22 v3.6 ragged2e Package
\CenteringLeftskip=\skip91
\RaggedLeftLeftskip=\skip92
\RaggedRightLeftskip=\skip93
\CenteringRightskip=\skip94
\RaggedLeftRightskip=\skip95
\RaggedRightRightskip=\skip96
\CenteringParfillskip=\skip97
\RaggedLeftParfillskip=\skip98
\RaggedRightParfillskip=\skip99
\JustifyingParfillskip=\skip100
\CenteringParindent=\skip101
\RaggedLeftParindent=\skip102
\RaggedRightParindent=\skip103
\JustifyingParindent=\skip104
) (C:\Users\User\AppData\Local\Programs\MiKTeX\tex/latex/appendix\appendix.sty
Package: appendix 2020/02/08 v1.2c extra appendix facilities
\c@@pps=\count406
\c@@ppsavesec=\count407
\c@@ppsaveapp=\count408
)
\BoxWd=\skip105
\Aux=\skip106
) (Commands.tex)
Package minitoc Info: I0024
(minitoc)             PREPARING MINITOCS FROM main.toc on input line 25.
Package minitoc Info: I0033
(minitoc)             Writing main.mtc1.
\openout3 = `main.mtc1'.

Package minitoc Info: I0033
(minitoc)             Writing main.mtc2.
\openout3 = `main.mtc2'.

Package minitoc Info: I0033
(minitoc)             Writing main.mtc3.
\openout3 = `main.mtc3'.

Package minitoc Info: I0033
(minitoc)             Writing main.mtc4.
\openout3 = `main.mtc4'.

Package minitoc Info: I0033
(minitoc)             Writing main.mtc5.
\openout3 = `main.mtc5'.

Package minitoc Info: I0033
(minitoc)             Writing main.mtc6.
\openout3 = `main.mtc6'.

Package minitoc Info: I0033
(minitoc)             Writing main.mtc7.
\openout3 = `main.mtc7'.

Package minitoc Info: I0033
(minitoc)             Writing main.mtc8.
\openout3 = `main.mtc8'.

Package french3.ldf Info: Setting StandardItemizeEnv=true for
(french3.ldf)             compatibility with enumitem package,
(french3.ldf)             reported on input line 25.
Package french3.ldf Info: Setting StandardEnumerateEnv=true for
(french3.ldf)             compatibility with enumitem package,
(french3.ldf)             reported on input line 25.
LaTeX Font Info:    Trying to load font information for T1+ptm on input line 25.
 (C:\Users\User\AppData\Local\Programs\MiKTeX\tex/latex/psnfss\t1ptm.fd
File: t1ptm.fd 2001/06/04 font definitions for T1/ptm.
) (C:\Users\User\AppData\Local\Programs\MiKTeX\tex/latex/l3backend\l3backend-pdftex.def
File: l3backend-pdftex.def 2026-02-18 L3 backend support: PDF output (pdfTeX)
\l__color_backend_stack_int=\count409
) (main.aux
Package babel Info: 'french' activates 'french' shorthands.
(babel)             Reported on input line 14.
)
\openout1 = `main.aux'.

LaTeX Font Info:    Checking defaults for OML/cmm/m/it on input line 25.
LaTeX Font Info:    ... okay on input line 25.
LaTeX Font Info:    Checking defaults for OMS/cmsy/m/n on input line 25.
LaTeX Font Info:    ... okay on input line 25.
LaTeX Font Info:    Checking defaults for OT1/cmr/m/n on input line 25.
LaTeX Font Info:    ... okay on input line 25.
LaTeX Font Info:    Checking defaults for T1/cmr/m/n on input line 25.
LaTeX Font Info:    ... okay on input line 25.
LaTeX Font Info:    Checking defaults for TS1/cmr/m/n on input line 25.
LaTeX Font Info:    ... okay on input line 25.
LaTeX Font Info:    Checking defaults for OMX/cmex/m/n on input line 25.
LaTeX Font Info:    ... okay on input line 25.
LaTeX Font Info:    Checking defaults for U/cmr/m/n on input line 25.
LaTeX Font Info:    ... okay on input line 25.
LaTeX Font Info:    Checking defaults for PD1/pdf/m/n on input line 25.
LaTeX Font Info:    ... okay on input line 25.
LaTeX Font Info:    Checking defaults for PU/pdf/m/n on input line 25.
LaTeX Font Info:    ... okay on input line 25.

*geometry* driver: auto-detecting
*geometry* detected driver: pdftex
*geometry* verbose mode - [ preamble ] result:
* driver: pdftex
* paper: a4paper
* layout: <same size as paper>
* layoutoffset:(h,v)=(0.0pt,0.0pt)
* modes: 
* h-part:(L,W,R)=(71.13188pt, 455.24411pt, 71.13188pt)
* v-part:(T,H,B)=(71.13188pt, 702.78308pt, 71.13188pt)
* \paperwidth=597.50787pt
* \paperheight=845.04684pt
* \textwidth=455.24411pt
* \textheight=702.78308pt
* \oddsidemargin=-1.1381pt
* \evensidemargin=-1.1381pt
* \topmargin=-38.1381pt
* \headheight=12.0pt
* \headsep=25.0pt
* \topskip=12.0pt
* \footskip=30.0pt
* \marginparwidth=35.0pt
* \marginparsep=10.0pt
* \columnsep=10.0pt
* \skip\footins=10.8pt plus 4.0pt minus 2.0pt
* \hoffset=0.0pt
* \voffset=0.0pt
* \mag=1000
* \@twocolumnfalse
* \@twosidefalse
* \@mparswitchfalse
* \@reversemarginfalse
* (1in=72.27pt=25.4mm, 1cm=28.453pt)

(C:\Users\User\AppData\Local\Programs\MiKTeX\tex/context/base/mkii\supp-pdf.mkii
[Loading MPS to PDF converter (version 2006.09.02).]
\scratchcounter=\count410
\scratchdimen=\dimen373
\scratchbox=\box96
\nofMPsegments=\count411
\nofMParguments=\count412
\everyMPshowfont=\toks67
\MPscratchCnt=\count413
\MPscratchDim=\dimen374
\MPnumerator=\count414
\makeMPintoPDFobject=\count415
\everyMPtoPDFconversion=\toks68
) (C:\Users\User\AppData\Local\Programs\MiKTeX\tex/latex/epstopdf-pkg\epstopdf-base.sty
Package: epstopdf-base 2020-01-24 v2.11 Base part for package epstopdf
 (C:\Users\User\AppData\Local\Programs\MiKTeX\tex/latex/grfext\grfext.sty
Package: grfext 2019/12/03 v1.3 Manage graphics extensions (HO)
)
Package epstopdf-base Info: Redefining graphics rule for `.eps' on input line 485.
Package grfext Info: Graphics extension search list:
(grfext)             [.pdf,.png,.jpg,.mps,.jpeg,.jbig2,.jb2,.PDF,.PNG,.JPG,.JPEG,.JBIG2,.JB2,.eps]
(grfext)             \AppendGraphicsExtensions on input line 504.
 (C:\Users\User\AppData\Local\Programs\MiKTeX\tex/latex/00miktex\epstopdf-sys.cfg
File: epstopdf-sys.cfg 2021/03/18 v2.0 Configuration of epstopdf for MiKTeX
))
Package caption Info: Begin \AtBeginDocument code.
Package caption Info: french babel package is loaded.
Package caption Info: float package is loaded.
Package caption Info: hyperref package is loaded.
Package caption Info: rotating package is loaded.
Package caption Info: wrapfig package is loaded.
Package caption Info: End \AtBeginDocument code.
Package hyperref Info: Link coloring OFF on input line 25.
 (main.out) (main.out)
\@outlinefile=\write6
\openout6 = `main.out'.

 (C:\Users\User\AppData\Local\Programs\MiKTeX\tex/latex/pdflscape\pdflscape.sty
Package: pdflscape 2022-10-27 v0.13 Display of landscape pages in PDF
 (C:\Users\User\AppData\Local\Programs\MiKTeX\tex/latex/pdflscape\pdflscape-nometadata.sty
Package: pdflscape-nometadata 2022-10-28 v0.13 Display of landscape pages in PDF (HO)
 (C:\Users\User\AppData\Local\Programs\MiKTeX\tex/latex/graphics\lscape.sty
Package: lscape 2020/05/28 v3.02 Landscape Pages (DPC)
)
Package pdflscape Info: Auto-detected driver: pdftex on input line 81.
))
LaTeX Info: Redefining \degres on input line 25.
Package minitoc(hints) Info: I0049
(minitoc(hints))             ==> You requested the hints option. 
(minitoc(hints))             Some hints are eventually given below.
Package minitoc(hints) Info: I0042
(minitoc(hints))             --- The appendix package is loaded. 
(minitoc(hints))             See the minitoc package documentation 
(minitoc(hints))             for specific precautions.
 (chapitre/00-PageDeGarde.tex
Overfull \vbox (71.76942pt too high) detected at line 86
 []


Overfull \vbox (71.76942pt too high) detected at line 86
 []

File: enis.jpg Graphic file (type jpg)
<use enis.jpg>
Package pdftex.def Info: enis.jpg  used on input line 86.
(pdftex.def)             Requested size: 140.56676pt x 87.0694pt.

Overfull \hbox (3.99214pt too wide) in paragraph at lines 86--86
 []|[]| 
 []


Overfull \vbox (71.76942pt too high) detected at line 86
 []


Overfull \hbox (18.22058pt too wide) in alignment at lines 86--86
[][][][][] 
 []

LaTeX Font Info:    Calculating math sizes for size <14> on input line 164.
LaTeX Font Info:    External font `cmex10' loaded for size
(Font)              <14> on input line 164.
LaTeX Font Info:    External font `cmex10' loaded for size
(Font)              <9.79996> on input line 164.
LaTeX Font Info:    External font `cmex10' loaded for size
(Font)              <7> on input line 164.
[1

{C:/Users/User/AppData/Local/MiKTeX/fonts/map/pdftex/pdftex.map}{C:/Users/User/AppData/Local/Programs/MiKTeX/fonts/enc/dvips/base/8r.enc} <./enis.jpg>]) (chapitre/02-Remerciement.tex
LaTeX Font Info:    Calculating math sizes for size <26> on input line 1.
LaTeX Font Info:    External font `cmex10' loaded for size
(Font)              <26> on input line 1.
LaTeX Font Info:    External font `cmex10' loaded for size
(Font)              <18.19992> on input line 1.
LaTeX Font Info:    External font `cmex10' loaded for size
(Font)              <13> on input line 1.

Underfull \hbox (badness 10000) in paragraph at lines 1--1

 []


Overfull \hbox (20.80309pt too wide) in paragraph at lines 20--21
\T1/ptm/m/n/12 pour son pro-fes-sion-na-lisme, son sou-tien in-dé-fec-tible et sa col-la-bo-ra-tion pré-cieuse. Votre en-ga-ge-ment
 []

) [1

]
Underfull \hbox (badness 10000) in paragraph at lines 36--36

 []

(main.toc
LaTeX Font Info:    External font `cmex10' loaded for size
(Font)              <12> on input line 7.
LaTeX Font Info:    External font `cmex10' loaded for size
(Font)              <8> on input line 7.
 [2

])
\tf@toc=\write7
\openout7 = `main.toc'.

Package babel Info: 'french' activates 'french' shorthands.
(babel)             Reported on input line 42.
 [3]
Underfull \hbox (badness 10000) in paragraph at lines 42--42

 []

(main.lof)
\tf@lof=\write8
\openout8 = `main.lof'.

 (chapitre/03-ListeDesAbr.tex [4

]
Underfull \hbox (badness 10000) in paragraph at lines 1--1

 []

) (chapitre/04-IntroductionGeneral.tex [5

]
Underfull \hbox (badness 10000) in paragraph at lines 1--1

 []


Overfull \hbox (6.8952pt too wide) in paragraph at lines 13--14
\T1/ptm/m/n/12 tech-niques du dé-ve-lop-pe-ment, en met-tant en évi-dence les choix ar-chi-tec-tu-raux, les fonc-tion-na-li-tés
 []

) (chapitre/05-Chapitre1.tex
pdfTeX warning (ext4): destination with the same identifier (name{page.1}) has been already used, duplicate ignored
<to be read again> 
                   \relax 
l.1 \chapter
            {Analyse de besoin et Ă©tude prĂ©alable} [1

]
Chapitre 1.

Underfull \hbox (badness 10000) in paragraph at lines 1--1

 []

\openout3 = `main.mtc'.

\openout3 = `main.mtc'.

LaTeX Font Info:    External font `cmex10' loaded for size
(Font)              <10.95> on input line 4.
(main.mtc4) [2

]
Overfull \hbox (4.73428pt too wide) in paragraph at lines 15--16
\T1/ptm/m/n/12 des tech-no-lo-gies d'as-sis-tance adap-tées aux be-soins réels des uti-li-sa-teurs. Leurs pro-jets pré-cé-dents
 []


Overfull \hbox (10.95126pt too wide) in paragraph at lines 17--18
\T1/ptm/m/n/12 nu-mé-rique. Leur ap-proche col-la-bo-ra-tive et mul-ti-dis-ci-pli-naire per-met d'abor-der les dé-fis com-plexes
 []

<images/Msign_logo.png, id=335, 163.812pt x 43.96425pt>
File: images/Msign_logo.png Graphic file (type png)
<use images/Msign_logo.png>
Package pdftex.def Info: images/Msign_logo.png  used on input line 26.
(pdftex.def)             Requested size: 455.24411pt x 122.20143pt.

Overfull \hbox (14.0pt too wide) in paragraph at lines 26--27
 [][] 
 []


Overfull \hbox (15.5207pt too wide) in paragraph at lines 19--28
[]\T1/ptm/m/n/12 Au c÷ur de ce pro-jet, j'ai eu l'op-por-tu-nité de tra-vailler sous la su-per-vi-sion de M. MON-TAS-SAR
 []


Overfull \hbox (24.95439pt too wide) in paragraph at lines 19--28
\T1/ptm/m/n/12 de l'ac-ces-si-bi-lité nu-mé-rique. Son ex-per-tise et ses conseils ont été dé-ter-mi-nants dans le dé-ve-lop-pe-ment
 []

[3]
Overfull \hbox (4.60017pt too wide) in paragraph at lines 32--33
[]\T1/ptm/m/n/12 Ce tra-vail s'ins-crit dans le cadre de mon stage de fin d'études ŕ l'École Na-tio-nale d'In-gé-nieurs
 []


Overfull \hbox (0.78711pt too wide) in paragraph at lines 34--35
\T1/ptm/m/n/12 un défi ma-jeur. Bien que le braille soit un ou-til es-sen-tiel pour la lec-ture et l'écri-ture, la conver-sion
 []


Overfull \hbox (6.355pt too wide) in paragraph at lines 34--35
\T1/ptm/m/n/12 au-to-ma-ti-sées pour conver-tir ef-fi-ca-ce-ment les images de textes braille en texte nu-mé-rique stan-dard. 
 []

[4 <./images/Msign_logo.png>]
Overfull \hbox (1.82893pt too wide) in paragraph at lines 40--41
[]\T1/ptm/m/n/12 Ce pro-jet ex-plore ces dé-fis et vise ŕ dé-ve-lop-per une so-lu-tion in-no-vante et ef-fi-cace, contri-buant
 []

[5]
Overfull \hbox (1.49358pt too wide) in paragraph at lines 54--55
[]\T1/ptm/b/n/12 Optimiser l'Ex-pé-rience Uti-li-sa-teur  \T1/ptm/m/n/12 : Conce-voir une pla-te-forme res-pon-sive et ac-ces-sible,
 []


Overfull \hbox (1.66066pt too wide) in paragraph at lines 56--57
\T1/ptm/m/n/12 ré-duire le temps et les ef-forts né-ces-saires ŕ la lec-ture du braille, amé-lio-rant ainsi l'ef-fi-ca-cité
 []


Overfull \hbox (4.65962pt too wide) in paragraph at lines 61--62
[]\T1/ptm/b/n/12 CNN-BrailleNet \T1/ptm/m/n/12 Ce mo-dčle uti-lise les ré-seaux de neu-rones convo-lu-tifs (CNN) pour iden-ti-fier
 []


Overfull \hbox (22.4821pt too wide) in paragraph at lines 61--62
\T1/ptm/m/n/12 et tra-duire des lettres en braille ŕ par-tir d'images. Il se concentre prin-ci-pa-le-ment sur la re-con-nais-sance
 []

<images/Logo du BRF OCR.jpg, id=350, 1927.2pt x 1927.2pt>
File: images/Logo du BRF OCR.jpg Graphic file (type jpg)
<use images/Logo du BRF OCR.jpg>
Package pdftex.def Info: images/Logo du BRF OCR.jpg  used on input line 70.
(pdftex.def)             Requested size: 156.47287pt x 142.24004pt.
[6 <./images/Logo du BRF OCR.jpg>]
Overfull \hbox (33.58102pt too wide) in paragraph at lines 97--98
[]\T1/ptm/b/n/12 Limitation ŕ la re-con-nais-sance de lettres in-di-vi-duelles  \T1/ptm/m/n/12 : Des mo-dčles comme CNN-BrailleNet
 []


Overfull \hbox (5.47801pt too wide) in paragraph at lines 98--99
[]\T1/ptm/b/n/12 Manque de gé-né-ra-li-sa-tion  \T1/ptm/m/n/12 :BRF OCR, bien que pra-tique pour des do-cu-ments spé-ci-fiques,
 []

[7]
Overfull \hbox (16.34949pt too wide) in paragraph at lines 99--100
[]\T1/ptm/b/n/12 Problčmes de seg-men-ta-tion  \T1/ptm/m/n/12 : Dots OCR peut ren-con-trer des dif-fi-cul-tés dans la seg-men-ta-tion
 []


Overfull \hbox (12.45007pt too wide) in paragraph at lines 101--102
[]\T1/ptm/b/n/12 Problčmes de sca-la-bi-lité  \T1/ptm/m/n/12 : La plu-part des so-lu-tions sont conçues pour des tâches spé-ci-fiques
 []


Overfull \hbox (3.12354pt too wide) in paragraph at lines 108--109
[]\T1/ptm/m/n/12 Notre so-lu-tion vise ŕ com-bler les la-cunes iden-ti-fiées dans les so-lu-tions exis-tantes en ap-por-tant
 []


Overfull \hbox (3.25764pt too wide) in paragraph at lines 114--115
[]\T1/ptm/b/n/12 Évolutivité et ra-pi-dité  \T1/ptm/m/n/12 : Notre so-lu-tion sera op-ti-mi-sée pour trai-ter des vo-lumes im-por-tants
 []


Overfull \hbox (17.23784pt too wide) in paragraph at lines 114--115
\T1/ptm/m/n/12 de don-nées avec des temps de trai-te-ment ré-duits, ga-ran-tis-sant ainsi une meilleure per-for-mance
 []


Overfull \hbox (6.94212pt too wide) in paragraph at lines 115--116
[]\T1/ptm/b/n/12 Personnalisation des ré-sul-tats  \T1/ptm/m/n/12 : Nous in-tro-dui-rons une op-tion per-met-tant de per-son-na-li-ser
 []


Overfull \hbox (18.09029pt too wide) in paragraph at lines 115--116
\T1/ptm/m/n/12 la conver-sion du texte en fonc-tion des be-soins spé-ci-fiques des uti-li-sa-teurs, avec des pa-ra-mčtres
 []

[8]
Overfull \hbox (19.56448pt too wide) in paragraph at lines 121--122
[]\T1/ptm/m/n/12 Dans le cadre du dé-ve-lop-pe-ment de l'\textbf{imprimante braille in-no-vante} chez TunBra-Msign,
 []


Overfull \hbox (23.26317pt too wide) in paragraph at lines 121--122
\T1/ptm/m/n/12 du pro-jet grâce ŕ une ges-tion agile. Le pro-jet glo-bal de l'im-pri-mante com-prend plu-sieurs sous-projets,
 []


Overfull \hbox (6.7516pt too wide) in paragraph at lines 121--122
\T1/ptm/m/n/12 dont ma tâche spé-ci-fique, qui est le dé-ve-lop-pe-ment d'un mo-dčle d'IA pour la conver-sion d'images
 []

[9]
Overfull \hbox (16.05031pt too wide) in paragraph at lines 142--143
[]\T1/ptm/b/n/12 Sprint \T1/ptm/m/n/12 :Cycles de dé-ve-lop-pe-ment de deux se-maines, au terme des-quels une ver-sion amé-lio-rée
 []

)
Overfull \hbox (5.15561pt too wide) in paragraph at lines 148--56
\T1/ptm/m/n/12 d'IA pour la conver-sion d'images braille en texte. Nous avons ex-pli-qué com-ment la mé-tho-do-lo-gie
 []


Overfull \hbox (1.43536pt too wide) in paragraph at lines 148--56
\T1/ptm/m/n/12 dé-ve-lop-pe-ment du mo-dčle d'IA. Le cha-pitre sui-vant sera consa-cré ŕ l'ana-lyse et ŕ la spé-ci-fi-ca-tion
 []

(chapitre/06-Chapitre2.tex [10]
Chapitre 2.

Underfull \hbox (badness 10000) in paragraph at lines 1--1

 []

\openout3 = `main.mtc'.

\openout3 = `main.mtc'.

(main.mtc5) [11

]
Overfull \hbox (16.63837pt too wide) in paragraph at lines 9--10
\T1/ptm/m/n/12 d'images braille en texte li-sible. Nous avons com-mencé par la des-crip-tion des res-sources ma-té-rielles
 []

<images/googlecolab.jpg, id=389, 187.70125pt x 176.66pt>
File: images/googlecolab.jpg Graphic file (type jpg)
<use images/googlecolab.jpg>
Package pdftex.def Info: images/googlecolab.jpg  used on input line 36.
(pdftex.def)             Requested size: 227.62206pt x 214.24715pt.
[12]
<images/tensorflow.png, id=397, 225.84375pt x 225.84375pt>
File: images/tensorflow.png Graphic file (type png)
<use images/tensorflow.png>
Package pdftex.def Info: images/tensorflow.png  used on input line 46.
(pdftex.def)             Requested size: 227.62206pt x 227.63515pt.

Overfull \hbox (9.3773pt too wide) in paragraph at lines 43--49
[]\T1/ptm/m/n/12 TensorFlow est une bi-blio-thčque open-source dé-ve-lop-pée par Google pour le cal-cul nu-mé-rique
 []

<images/Logo de Python.jpg, id=399, 148.555pt x 148.555pt>
File: images/Logo de Python.jpg Graphic file (type jpg)
<use images/Logo de Python.jpg>
Package pdftex.def Info: images/Logo de Python.jpg  used on input line 56.
(pdftex.def)             Requested size: 227.62206pt x 227.63293pt.

Overfull \hbox (28.32703pt too wide) in paragraph at lines 53--59
\T1/ptm/m/n/12 po-ly-va-lent, par-ti-cu-lič-re-ment adapté pour le dé-ve-lop-pe-ment de so-lu-tions en ap-pren-tis-sage au-to-ma-tique.
 []


Overfull \hbox (4.3759pt too wide) in paragraph at lines 53--59
\T1/ptm/m/n/12 Il a été uti-lisé pour ma-ni-pu-ler notre da-ta-set et dé-ve-lop-per les ré-seaux neu-ro-naux avec Ten-sor-Flow.
 []

[13 <./images/googlecolab.jpg> <./images/tensorflow.png>]
<images/keraslogo .png, id=408, 204.765pt x 192.72pt>
File: images/keraslogo .png Graphic file (type png)
<use images/keraslogo .png>
Package pdftex.def Info: images/keraslogo .png  used on input line 65.
(pdftex.def)             Requested size: 227.62206pt x 214.24518pt.

Overfull \hbox (3.13974pt too wide) in paragraph at lines 62--68
\T1/ptm/m/n/12 créa-tion ra-pide de pro-to-types et l'ex-pé-ri-men-ta-tion avec dif-fé-rents mo-dčles de ré-seaux neu-ro-naux.
 []

[14 <./images/Logo de Python.jpg>]
Overfull \hbox (18.93097pt too wide) in paragraph at lines 73--76
\T1/ptm/m/n/12 **Char-ge-ment et Re-di-men-sion-ne-ment** : Les images de braille ont été char-gées et re-di-men-sion-nées
 []


Overfull \hbox (6.07909pt too wide) in paragraph at lines 81--82
\T1/ptm/m/n/12 fonc-tion de perte ap-pro-priée et l'op-ti-mi-seur Adam pour op-ti-mi-ser l'ap-pren-tis-sage. Des tech-niques
 []

[15 <./images/keraslogo .png>]
Overfull \hbox (33.77513pt too wide) in paragraph at lines 84--85
\T1/ptm/m/n/12 sa pré-ci-sion. Nous avons éga-le-ment tracé des courbes d'ap-pren-tis-sage pour ana-ly-ser le sur-ap-pren-tis-sage
 []

)
Overfull \hbox (26.71623pt too wide) in paragraph at lines 90--58
[]\T1/ptm/m/n/12 En ré-sumé, ce cha-pitre a ex-posé le pro-ces-sus d'im-plé-men-ta-tion de notre mo-dčle de re-con-nais-sance
 []

(chapitre/07-Chapitre3.tex [16]
Chapitre 3.

Underfull \hbox (badness 10000) in paragraph at lines 1--1

 []

\openout3 = `main.mtc'.

\openout3 = `main.mtc'.

(main.mtc6) [17

]
Overfull \hbox (7.05069pt too wide) in paragraph at lines 9--10
\T1/ptm/m/n/12 in-cré-ments li-vrables. Nous abor-de-rons éga-le-ment la phase d'ana-lyse et les so-lu-tions concep-tuelles
 []


Overfull \hbox (0.36731pt too wide) in paragraph at lines 10--10
|\T1/ptm/b/n/17.28 3.2 Sprint 1 : S'ins-crire, s'au-then-ti-fier et créer des for-mu-laires| 
 []

<images/release1.drawio.png, id=434, 793.96625pt x 633.36626pt>
File: images/release1.drawio.png Graphic file (type png)
<use images/release1.drawio.png>
Package pdftex.def Info: images/release1.drawio.png  used on input line 16.
(pdftex.def)             Requested size: 364.19667pt x 290.53055pt.
<images/S'inscrire.png, id=435, 552.26324pt x 495.0495pt>
File: images/S'inscrire.png Graphic file (type png)
<use images/S'inscrire.png>
Package pdftex.def Info: images/S'inscrire.png  used on input line 26.
(pdftex.def)             Requested size: 500.77129pt x 448.89433pt.

Overfull \hbox (45.52718pt too wide) in paragraph at lines 26--27
 [][] 
 []

[18 <./images/release1.drawio.png>]
<images/S'authentifier.png, id=441, 375.20175pt x 389.65575pt>
File: images/S'authentifier.png Graphic file (type png)
<use images/S'authentifier.png>
Package pdftex.def Info: images/S'authentifier.png  used on input line 32.
(pdftex.def)             Requested size: 364.19667pt x 378.2391pt.
 [19 <./images/S'inscrire.png>]
<images/Creer.png, id=448, 905.18175pt x 498.06075pt>
File: images/Creer.png Graphic file (type png)
<use images/Creer.png>
Package pdftex.def Info: images/Creer.png  used on input line 38.
(pdftex.def)             Requested size: 455.24411pt x 250.4965pt.
 [20 <./images/S'authentifier.png>]
Overfull \hbox (6.8829pt too wide) in paragraph at lines 42--43
\T1/ptm/m/n/12 in-té-gré les in-ter-faces de la pla-te-forme, en ali-gnant la concep-tion avec les exi-gences fonc-tion-nelles.
 []

) (chapitre/08-Chapitre4.tex [21 <./images/Creer.png>]
Chapitre 4.

Underfull \hbox (badness 10000) in paragraph at lines 1--1

 []

\openout3 = `main.mtc'.

\openout3 = `main.mtc'.

(main.mtc7) [22

]) (chapitre/09-ConclusionGenerale.tex [23]
Underfull \hbox (badness 10000) in paragraph at lines 1--1

 []


Overfull \hbox (10.14772pt too wide) in paragraph at lines 7--8
\T1/ptm/m/n/12 d'ap-pren-tis-sage au-to-ma-tique, nous avons ex-ploré di-verses ap-proches et ou-tils, tels que Ten-sor-Flow
 []


Overfull \hbox (2.11903pt too wide) in paragraph at lines 7--8
\T1/ptm/m/n/12 et Ke-ras, pour trai-ter des don-nées vi-suelles com-plexes et en ex-traire des in-for-ma-tions per-ti-nentes. 
 []


Overfull \hbox (25.9602pt too wide) in paragraph at lines 13--14
[]\T1/ptm/m/n/12 En conclu-sion, ce pro-jet a non seule-ment ren-forcé mes com-pé-tences en ap-pren-tis-sage au-to-ma-tique
 []


Overfull \hbox (3.31813pt too wide) in paragraph at lines 13--14
\T1/ptm/m/n/12 en-core plus avan-cées dans le do-maine de l'ac-ces-si-bi-lité. Ŕ l'ave-nir, il se-rait in-té-res-sant d'ex-plo-rer
 []

) (chapitre/10-Annexes.tex) (chapitre/11-Bibliographie.tex) (chapitre/12-DosDuRapport.tex)
Package minitoc Info: I0009
(minitoc)             Listing minitoc auxiliary files. 
(minitoc)             Creating the main.maf file.
\openout3 = `main.maf'.

Package minitoc(hints) Info: I0053
(minitoc(hints))             You have loaded the float package; 
(minitoc(hints))             please be aware that the minitoc package 
(minitoc(hints))             facilities can not be used for new types 
(minitoc(hints))             of floats defined by the float package.
 [24

]
runsystem(latexminted cleantemp  --timestamp 20260415134136 FAD58DE7366495DB4650CFEFAC2FCD61)...disabled (restricted).

 (main.aux)
 ***********
LaTeX2e <2025-11-01>
L3 programming layer <2026-03-20>
 ***********
Package rerunfilecheck Info: File `main.out' has not changed.
(rerunfilecheck)             Checksum: 524E16DE13EE923B608C5A35AABC7F7F;9535.
 ) 
Here is how much of TeX's memory you used:
 37932 strings out of 467691
 772997 string characters out of 5415471
 1329437 words of memory out of 5000000
 66212 multiletter control sequences out of 15000+600000
 708154 words of font info for 114 fonts, out of 8000000 for 9000
 1141 hyphenation exceptions out of 8191
 113i,14n,122p,769b,860s stack positions out of 10000i,1000n,20000p,200000b,200000s
 <C:\Users\User\AppData\Local\MiKTeX\fonts/pk/ljfour/jknappen/ec/dpi600\ecrm1095.pk> <C:\Users\User\AppData\Local\MiKTeX\fonts/pk/ljfour/jknappen/ec/dpi600\ecbx1095.pk> <C:\Users\User\AppData\Local\MiKTeX\fonts/pk/ljfour/jknappen/ec/dpi600\ecbx1440.pk><C:/Users/User/AppData/Local/Programs/MiKTeX/fonts/type1/urw/times/utmb8a.pfb><C:/Users/User/AppData/Local/Programs/MiKTeX/fonts/type1/urw/times/utmbi8a.pfb><C:/Users/User/AppData/Local/Programs/MiKTeX/fonts/type1/urw/times/utmr8a.pfb>
Output written on main.pdf (30 pages, 407555 bytes).
PDF statistics:
 633 PDF objects out of 1000 (max. 8388607)
 98 named destinations out of 1000 (max. 500000)
 468 words of extra memory for PDF output out of 10000 (max. 10000000)

