\BOOKMARK [0][-]{chapter*.3}{\376\377\000I\000N\000T\000R\000O\000D\000U\000C\000T\000I\000O\000N\000\040\000G\000\311\000N\000\311\000R\000A\000L\000E}{}% 1
\BOOKMARK [0][-]{chapter.1}{\376\377\000C\000a\000d\000r\000e\000\040\000g\000\351\000n\000\351\000r\000a\000l\000\040\000d\000u\000\040\000p\000r\000o\000j\000e\000t}{}% 2
\BOOKMARK [1][-]{section.1.1}{\376\377\000I\000n\000t\000r\000o\000d\000u\000c\000t\000i\000o\000n}{chapter.1}% 3
\BOOKMARK [1][-]{section.1.2}{\376\377\000P\000r\000\351\000s\000e\000n\000t\000a\000t\000i\000o\000n\000\040\000d\000e\000\040\000l\000'\000o\000r\000g\000a\000n\000i\000s\000m\000e\000\040\000d\000'\000a\000c\000c\000u\000e\000i\000l}{chapter.1}% 4
\BOOKMARK [2][-]{subsection.1.2.1}{\376\377\000D\000E\000C\000A\000D\000E\000\040\000T\000u\000n\000i\000s\000i\000e\000\040\000e\000t\000\040\000c\000o\000n\000t\000e\000x\000t\000e\000\040\000d\000'\000a\000c\000t\000i\000v\000i\000t\000\351}{section.1.2}% 5
\BOOKMARK [2][-]{subsection.1.2.2}{\376\377\000C\000a\000d\000r\000e\000\040\000a\000c\000a\000d\000\351\000m\000i\000q\000u\000e\000\040\000d\000u\000\040\000s\000t\000a\000g\000e}{section.1.2}% 6
\BOOKMARK [1][-]{section.1.3}{\376\377\000P\000r\000o\000b\000l\000\351\000m\000a\000t\000i\000q\000u\000e}{chapter.1}% 7
\BOOKMARK [1][-]{section.1.4}{\376\377\000O\000b\000j\000e\000c\000t\000i\000f\000s\000\040\000d\000u\000\040\000p\000r\000o\000j\000e\000t}{chapter.1}% 8
\BOOKMARK [2][-]{subsection.1.4.1}{\376\377\000O\000b\000j\000e\000c\000t\000i\000f\000\040\000p\000r\000i\000n\000c\000i\000p\000a\000l}{section.1.4}% 9
\BOOKMARK [2][-]{subsection.1.4.2}{\376\377\000O\000b\000j\000e\000c\000t\000i\000f\000s\000\040\000s\000p\000\351\000c\000i\000f\000i\000q\000u\000e\000s}{section.1.4}% 10
\BOOKMARK [2][-]{subsection.1.4.3}{\376\377\000I\000n\000d\000i\000c\000a\000t\000e\000u\000r\000s\000\040\000c\000i\000b\000l\000e\000s}{section.1.4}% 11
\BOOKMARK [1][-]{section.1.5}{\376\377\000A\000c\000t\000e\000u\000r\000s\000\040\000e\000t\000\040\000i\000n\000t\000e\000r\000a\000c\000t\000i\000o\000n\000s\000\040\000p\000r\000i\000n\000c\000i\000p\000a\000l\000e\000s}{chapter.1}% 12
\BOOKMARK [1][-]{section.1.6}{\376\377\000P\000\351\000r\000i\000m\000\350\000t\000r\000e\000\040\000e\000t\000\040\000c\000o\000n\000t\000r\000a\000i\000n\000t\000e\000s}{chapter.1}% 13
\BOOKMARK [2][-]{subsection.1.6.1}{\376\377\000P\000\351\000r\000i\000m\000\350\000t\000r\000e\000\040\000f\000o\000n\000c\000t\000i\000o\000n\000n\000e\000l}{section.1.6}% 14
\BOOKMARK [2][-]{subsection.1.6.2}{\376\377\000C\000o\000n\000t\000r\000a\000i\000n\000t\000e\000s\000\040\000d\000e\000\040\000r\000\351\000a\000l\000i\000s\000a\000t\000i\000o\000n}{section.1.6}% 15
\BOOKMARK [1][-]{section.1.7}{\376\377\000D\000\351\000m\000a\000r\000c\000h\000e\000\040\000m\000\351\000t\000h\000o\000d\000o\000l\000o\000g\000i\000q\000u\000e\000\040\000e\000t\000\040\000p\000l\000a\000n\000i\000f\000i\000c\000a\000t\000i\000o\000n}{chapter.1}% 16
\BOOKMARK [1][-]{section.1.8}{\376\377\000C\000o\000n\000c\000l\000u\000s\000i\000o\000n}{chapter.1}% 17
\BOOKMARK [0][-]{chapter.2}{\376\377\000A\000n\000a\000l\000y\000s\000e\000\040\000d\000e\000s\000\040\000b\000e\000s\000o\000i\000n\000s\000\040\000e\000t\000\040\000\351\000t\000u\000d\000e\000\040\000d\000e\000\040\000l\000'\000e\000x\000i\000s\000t\000a\000n\000t}{}% 18
\BOOKMARK [1][-]{section.2.1}{\376\377\000I\000n\000t\000r\000o\000d\000u\000c\000t\000i\000o\000n}{chapter.2}% 19
\BOOKMARK [1][-]{section.2.2}{\376\377\000A\000n\000a\000l\000y\000s\000e\000\040\000d\000e\000s\000\040\000b\000e\000s\000o\000i\000n\000s}{chapter.2}% 20
\BOOKMARK [2][-]{subsection.2.2.1}{\376\377\000B\000e\000s\000o\000i\000n\000s\000\040\000f\000o\000n\000c\000t\000i\000o\000n\000n\000e\000l\000s}{section.2.2}% 21
\BOOKMARK [2][-]{subsection.2.2.2}{\376\377\000B\000e\000s\000o\000i\000n\000s\000\040\000n\000o\000n\000\040\000f\000o\000n\000c\000t\000i\000o\000n\000n\000e\000l\000s}{section.2.2}% 22
\BOOKMARK [2][-]{subsection.2.2.3}{\376\377\000A\000c\000t\000e\000u\000r\000s\000\040\000e\000t\000\040\000c\000a\000s\000\040\000d\000'\000u\000s\000a\000g\000e}{section.2.2}% 23
\BOOKMARK [2][-]{subsection.2.2.4}{\376\377\000P\000r\000i\000o\000r\000i\000s\000a\000t\000i\000o\000n\000\040\000d\000e\000s\000\040\000u\000s\000e\000r\000\040\000s\000t\000o\000r\000i\000e\000s}{section.2.2}% 24
\BOOKMARK [1][-]{section.2.3}{\376\377\000\311\000t\000u\000d\000e\000\040\000d\000e\000\040\000l\000'\000e\000x\000i\000s\000t\000a\000n\000t}{chapter.2}% 25
\BOOKMARK [2][-]{subsection.2.3.1}{\376\377\000O\000b\000j\000e\000c\000t\000i\000f\000\040\000e\000t\000\040\000p\000r\000o\000t\000o\000c\000o\000l\000e\000\040\000d\000e\000s\000\040\000t\000e\000s\000t\000s}{section.2.3}% 26
\BOOKMARK [2][-]{subsection.2.3.2}{\376\377\000A\000x\000e\000\040\0001\000\040\040\023\000\040\000S\000o\000l\000u\000t\000i\000o\000n\000s\000\040\000g\000r\000a\000t\000u\000i\000t\000e\000s\000\040\000l\000o\000c\000a\000l\000e\000s\000\040\000\050\000O\000l\000l\000a\000m\000a\000\051}{section.2.3}% 27
\BOOKMARK [3][-]{subsubsection.2.3.2.1}{\376\377\000R\000\351\000s\000u\000l\000t\000a\000t\000s\000\040\000o\000b\000s\000e\000r\000v\000\351\000s}{subsection.2.3.2}% 28
\BOOKMARK [3][-]{subsubsection.2.3.2.2}{\376\377\000V\000a\000r\000i\000a\000n\000t\000e\000\040\000C\000o\000l\000a\000b\000\040\000G\000P\000U\000\040\000g\000r\000a\000t\000u\000i\000t}{subsection.2.3.2}% 29
\BOOKMARK [2][-]{subsection.2.3.3}{\376\377\000A\000x\000e\000\040\0002\000\040\040\023\000\040\000A\000P\000I\000s\000\040\000g\000r\000a\000t\000u\000i\000t\000e\000s\000\040\000\050\000O\000p\000e\000n\000R\000o\000u\000t\000e\000r\000,\000\040\000G\000r\000o\000q\000,\000\040\000A\000I\000\040\000S\000t\000u\000d\000i\000o\000\040\000F\000r\000e\000e\000\051}{section.2.3}% 30
\BOOKMARK [3][-]{subsubsection.2.3.3.1}{\376\377\000O\000p\000e\000n\000R\000o\000u\000t\000e\000r\000\040\000\050\000f\000r\000e\000e\000\040\000t\000i\000e\000r\000\051}{subsection.2.3.3}% 31
\BOOKMARK [3][-]{subsubsection.2.3.3.2}{\376\377\000G\000r\000o\000q\000\040\000\050\000f\000r\000e\000e\000\040\000t\000i\000e\000r\000\051}{subsection.2.3.3}% 32
\BOOKMARK [3][-]{subsubsection.2.3.3.3}{\376\377\000G\000o\000o\000g\000l\000e\000\040\000A\000I\000\040\000S\000t\000u\000d\000i\000o\000\040\000\050\000g\000r\000a\000t\000u\000i\000t\000\051}{subsection.2.3.3}% 33
\BOOKMARK [2][-]{subsection.2.3.4}{\376\377\000A\000x\000e\000\040\0003\000\040\040\023\000\040\000A\000P\000I\000s\000\040\000p\000a\000y\000a\000n\000t\000e\000s\000\040\000\050\000c\000a\000n\000d\000i\000d\000a\000t\000s\000\040\000d\000e\000\040\000p\000r\000o\000d\000u\000c\000t\000i\000o\000n\000\051}{section.2.3}% 34
\BOOKMARK [2][-]{subsection.2.3.5}{\376\377\000S\000y\000n\000t\000h\000\350\000s\000e\000\040\000d\000e\000\040\000d\000\351\000c\000i\000s\000i\000o\000n}{section.2.3}% 35
\BOOKMARK [1][-]{section.2.4}{\376\377\000C\000o\000n\000c\000l\000u\000s\000i\000o\000n}{chapter.2}% 36
